<?xml version="1.0" encoding="UTF-8"?>
<robot generator="Robot 7.4.2 (Python 3.11.11 on darwin)" generated="2026-05-06T13:44:35.699774" rpa="false" schemaversion="5">
<suite id="s1" name="ScienticUiCalculator" source="/Users/harishdayalan/Desktop/Scientific UiCalculator/tests/ScienticUiCalculator.robot">
<kw name="Run Keywords" owner="BuiltIn" type="SETUP">
<kw name="Setup Validation Suite" owner="keywords">
<kw name="Evaluate" owner="BuiltIn">
<msg time="2026-05-06T13:44:35.824714" level="INFO">${options} = &lt;selenium.webdriver.chrome.options.Options object at 0x1029eba50&gt;</msg>
<var>${options}</var>
<arg>sys.modules['selenium.webdriver'].ChromeOptions()</arg>
<arg>sys, selenium.webdriver</arg>
<doc>Evaluates the given expression in Python and returns the result.</doc>
<status status="PASS" start="2026-05-06T13:44:35.823777" elapsed="0.000956"/>
</kw>
<kw name="Call Method" owner="BuiltIn">
<arg>${options}</arg>
<arg>add_argument</arg>
<arg>--headless</arg>
<doc>Calls the named method of the given object with the provided arguments.</doc>
<status status="PASS" start="2026-05-06T13:44:35.824798" elapsed="0.000119"/>
</kw>
<kw name="Call Method" owner="BuiltIn">
<arg>${options}</arg>
<arg>add_argument</arg>
<arg>--no-sandbox</arg>
<doc>Calls the named method of the given object with the provided arguments.</doc>
<status status="PASS" start="2026-05-06T13:44:35.824973" elapsed="0.000100"/>
</kw>
<kw name="Call Method" owner="BuiltIn">
<arg>${options}</arg>
<arg>add_argument</arg>
<arg>--disable-dev-shm-usage</arg>
<doc>Calls the named method of the given object with the provided arguments.</doc>
<status status="PASS" start="2026-05-06T13:44:35.825121" elapsed="0.000090"/>
</kw>
<kw name="Open Browser" owner="SeleniumLibrary">
<msg time="2026-05-06T13:44:35.825364" level="INFO">Opening browser 'chrome' to base url 'https://rbihubcodechallenge.github.io/calculator/index.html'.</msg>
<arg>${URL}</arg>
<arg>chrome</arg>
<arg>options=${options}</arg>
<doc>Opens a new browser instance to the optional ``url``.</doc>
<status status="PASS" start="2026-05-06T13:44:35.825266" elapsed="1.605700"/>
</kw>
<kw name="Maximize Browser Window" owner="SeleniumLibrary">
<doc>Maximizes current browser window.</doc>
<status status="PASS" start="2026-05-06T13:44:37.431291" elapsed="0.034076"/>
</kw>
<status status="PASS" start="2026-05-06T13:44:35.823684" elapsed="1.641781"/>
</kw>
<kw name="Init Failure Collector" owner="keywords">
<kw name="Create List" owner="BuiltIn">
<msg time="2026-05-06T13:44:37.466062" level="INFO">${failures} = []</msg>
<var>${failures}</var>
<doc>Returns a list containing given items.</doc>
<status status="PASS" start="2026-05-06T13:44:37.465847" elapsed="0.000236"/>
</kw>
<kw name="Set Suite Variable" owner="BuiltIn">
<msg time="2026-05-06T13:44:37.466331" level="INFO">${FAILURES} = []</msg>
<arg>${FAILURES}</arg>
<arg>${failures}</arg>
<doc>Makes a variable available everywhere within the scope of the current suite.</doc>
<status status="PASS" start="2026-05-06T13:44:37.466160" elapsed="0.000192"/>
</kw>
<status status="PASS" start="2026-05-06T13:44:37.465668" elapsed="0.000717"/>
</kw>
<arg>Setup Validation Suite</arg>
<arg>AND</arg>
<arg>Init Failure Collector</arg>
<doc>Executes all the given keywords in a sequence.</doc>
<status status="PASS" start="2026-05-06T13:44:35.823435" elapsed="1.642975"/>
</kw>
<test id="s1-t1" name="Addition Test" line="28">
<kw name="Clear Calculator" owner="keywords" type="SETUP">
<kw name="Click Element" owner="SeleniumLibrary">
<msg time="2026-05-06T13:44:37.467400" level="INFO">Clicking element 'xpath=//button[text()='C']'.</msg>
<arg>${CLEAR_BTN}</arg>
<doc>Click the element identified by ``locator``.</doc>
<status status="PASS" start="2026-05-06T13:44:37.467178" elapsed="0.040147"/>
</kw>
<status status="PASS" start="2026-05-06T13:44:37.467005" elapsed="0.040386"/>
</kw>
<kw name="Validate Expression" owner="keywords">
<kw name="Calculate Expression" owner="keywords">
<kw name="Input Expression" owner="keywords">
<kw name="Split String To Characters" owner="String">
<msg time="2026-05-06T13:44:37.508081" level="INFO">${chars} = ['7', '+', '3']</msg>
<var>${chars}</var>
<arg>${expression}</arg>
<doc>Splits the given ``string`` to characters.</doc>
<status status="PASS" start="2026-05-06T13:44:37.507998" elapsed="0.000095"/>
</kw>
<for flavor="IN">
<iter>
<kw name="Click Button" owner="keywords">
<kw name="Run Keyword If" owner="BuiltIn">
<kw name="Set Variable" owner="BuiltIn">
<arg>${value}</arg>
<doc>Returns the given values which can then be assigned to a variables.</doc>
<status status="PASS" start="2026-05-06T13:44:37.508724" elapsed="0.000086"/>
</kw>
<msg time="2026-05-06T13:44:37.508845" level="INFO">${value} = 7</msg>
<var>${value}</var>
<arg>'${value}' == '*'</arg>
<arg>Set Variable</arg>
<arg>×</arg>
<arg>ELSE IF</arg>
<arg>'${value}' == '/'</arg>
<arg>Set Variable</arg>
<arg>÷</arg>
<arg>ELSE IF</arg>
<arg>'${value}' == '-'</arg>
<arg>Set Variable</arg>
<arg>−</arg>
<arg>ELSE</arg>
<arg>Set Variable</arg>
<arg>${value}</arg>
<doc>Runs the given keyword with the given arguments, if ``condition`` is true.</doc>
<status status="PASS" start="2026-05-06T13:44:37.508453" elapsed="0.000403"/>
</kw>
<kw name="Set Variable" owner="BuiltIn">
<msg time="2026-05-06T13:44:37.509010" level="INFO">${locator} = xpath=//button[normalize-space(.)='7']</msg>
<var>${locator}</var>
<arg>xpath=//button[normalize-space(.)='${value}']</arg>
<doc>Returns the given values which can then be assigned to a variables.</doc>
<status status="PASS" start="2026-05-06T13:44:37.508909" elapsed="0.000113"/>
</kw>
<kw name="Click Element" owner="SeleniumLibrary">
<msg time="2026-05-06T13:44:37.509147" level="INFO">Clicking element 'xpath=//button[normalize-space(.)='7']'.</msg>
<arg>${locator}</arg>
<doc>Click the element identified by ``locator``.</doc>
<status status="PASS" start="2026-05-06T13:44:37.509066" elapsed="0.022540"/>
</kw>
<arg>${char}</arg>
<status status="PASS" start="2026-05-06T13:44:37.508257" elapsed="0.023439"/>
</kw>
<var name="${char}">7</var>
<status status="PASS" start="2026-05-06T13:44:37.508205" elapsed="0.023519"/>
</iter>
<iter>
<kw name="Click Button" owner="keywords">
<kw name="Run Keyword If" owner="BuiltIn">
<kw name="Set Variable" owner="BuiltIn">
<arg>${value}</arg>
<doc>Returns the given values which can then be assigned to a variables.</doc>
<status status="PASS" start="2026-05-06T13:44:37.532353" elapsed="0.000092"/>
</kw>
<msg time="2026-05-06T13:44:37.532487" level="INFO">${value} = +</msg>
<var>${value}</var>
<arg>'${value}' == '*'</arg>
<arg>Set Variable</arg>
<arg>×</arg>
<arg>ELSE IF</arg>
<arg>'${value}' == '/'</arg>
<arg>Set Variable</arg>
<arg>÷</arg>
<arg>ELSE IF</arg>
<arg>'${value}' == '-'</arg>
<arg>Set Variable</arg>
<arg>−</arg>
<arg>ELSE</arg>
<arg>Set Variable</arg>
<arg>${value}</arg>
<doc>Runs the given keyword with the given arguments, if ``condition`` is true.</doc>
<status status="PASS" start="2026-05-06T13:44:37.532105" elapsed="0.000393"/>
</kw>
<kw name="Set Variable" owner="BuiltIn">
<msg time="2026-05-06T13:44:37.532655" level="INFO">${locator} = xpath=//button[normalize-space(.)='+']</msg>
<var>${locator}</var>
<arg>xpath=//button[normalize-space(.)='${value}']</arg>
<doc>Returns the given values which can then be assigned to a variables.</doc>
<status status="PASS" start="2026-05-06T13:44:37.532549" elapsed="0.000117"/>
</kw>
<kw name="Click Element" owner="SeleniumLibrary">
<msg time="2026-05-06T13:44:37.532793" level="INFO">Clicking element 'xpath=//button[normalize-space(.)='+']'.</msg>
<arg>${locator}</arg>
<doc>Click the element identified by ``locator``.</doc>
<status status="PASS" start="2026-05-06T13:44:37.532710" elapsed="0.021902"/>
</kw>
<arg>${char}</arg>
<status status="PASS" start="2026-05-06T13:44:37.531938" elapsed="0.022722"/>
</kw>
<var name="${char}">+</var>
<status status="PASS" start="2026-05-06T13:44:37.531831" elapsed="0.022846"/>
</iter>
<iter>
<kw name="Click Button" owner="keywords">
<kw name="Run Keyword If" owner="BuiltIn">
<kw name="Set Variable" owner="BuiltIn">
<arg>${value}</arg>
<doc>Returns the given values which can then be assigned to a variables.</doc>
<status status="PASS" start="2026-05-06T13:44:37.555168" elapsed="0.000087"/>
</kw>
<msg time="2026-05-06T13:44:37.555382" level="INFO">${value} = 3</msg>
<var>${value}</var>
<arg>'${value}' == '*'</arg>
<arg>Set Variable</arg>
<arg>×</arg>
<arg>ELSE IF</arg>
<arg>'${value}' == '/'</arg>
<arg>Set Variable</arg>
<arg>÷</arg>
<arg>ELSE IF</arg>
<arg>'${value}' == '-'</arg>
<arg>Set Variable</arg>
<arg>−</arg>
<arg>ELSE</arg>
<arg>Set Variable</arg>
<arg>${value}</arg>
<doc>Runs the given keyword with the given arguments, if ``condition`` is true.</doc>
<status status="PASS" start="2026-05-06T13:44:37.554934" elapsed="0.000459"/>
</kw>
<kw name="Set Variable" owner="BuiltIn">
<msg time="2026-05-06T13:44:37.555551" level="INFO">${locator} = xpath=//button[normalize-space(.)='3']</msg>
<var>${locator}</var>
<arg>xpath=//button[normalize-space(.)='${value}']</arg>
<doc>Returns the given values which can then be assigned to a variables.</doc>
<status status="PASS" start="2026-05-06T13:44:37.555448" elapsed="0.000114"/>
</kw>
<kw name="Click Element" owner="SeleniumLibrary">
<msg time="2026-05-06T13:44:37.555679" level="INFO">Clicking element 'xpath=//button[normalize-space(.)='3']'.</msg>
<arg>${locator}</arg>
<doc>Click the element identified by ``locator``.</doc>
<status status="PASS" start="2026-05-06T13:44:37.555606" elapsed="0.076015"/>
</kw>
<arg>${char}</arg>
<status status="PASS" start="2026-05-06T13:44:37.554808" elapsed="0.076879"/>
</kw>
<var name="${char}">3</var>
<status status="PASS" start="2026-05-06T13:44:37.554738" elapsed="0.076970"/>
</iter>
<var>${char}</var>
<value>@{chars}</value>
<status status="PASS" start="2026-05-06T13:44:37.508131" elapsed="0.123607"/>
</for>
<arg>${expression}</arg>
<status status="PASS" start="2026-05-06T13:44:37.507882" elapsed="0.123897"/>
</kw>
<kw name="Click Button" owner="keywords">
<kw name="Run Keyword If" owner="BuiltIn">
<kw name="Set Variable" owner="BuiltIn">
<arg>${value}</arg>
<doc>Returns the given values which can then be assigned to a variables.</doc>
<status status="PASS" start="2026-05-06T13:44:37.632294" elapsed="0.000089"/>
</kw>
<msg time="2026-05-06T13:44:37.632419" level="INFO">${value} = =</msg>
<var>${value}</var>
<arg>'${value}' == '*'</arg>
<arg>Set Variable</arg>
<arg>×</arg>
<arg>ELSE IF</arg>
<arg>'${value}' == '/'</arg>
<arg>Set Variable</arg>
<arg>÷</arg>
<arg>ELSE IF</arg>
<arg>'${value}' == '-'</arg>
<arg>Set Variable</arg>
<arg>−</arg>
<arg>ELSE</arg>
<arg>Set Variable</arg>
<arg>${value}</arg>
<doc>Runs the given keyword with the given arguments, if ``condition`` is true.</doc>
<status status="PASS" start="2026-05-06T13:44:37.632036" elapsed="0.000395"/>
</kw>
<kw name="Set Variable" owner="BuiltIn">
<msg time="2026-05-06T13:44:37.632583" level="INFO">${locator} = xpath=//button[normalize-space(.)='=']</msg>
<var>${locator}</var>
<arg>xpath=//button[normalize-space(.)='${value}']</arg>
<doc>Returns the given values which can then be assigned to a variables.</doc>
<status status="PASS" start="2026-05-06T13:44:37.632483" elapsed="0.000111"/>
</kw>
<kw name="Click Element" owner="SeleniumLibrary">
<msg time="2026-05-06T13:44:37.632716" level="INFO">Clicking element 'xpath=//button[normalize-space(.)='=']'.</msg>
<arg>${locator}</arg>
<doc>Click the element identified by ``locator``.</doc>
<status status="PASS" start="2026-05-06T13:44:37.632639" elapsed="0.021651"/>
</kw>
<arg>=</arg>
<status status="PASS" start="2026-05-06T13:44:37.631880" elapsed="0.022466"/>
</kw>
<kw name="Get Result" owner="keywords">
<kw name="Run Keyword And Ignore Error" owner="BuiltIn">
<kw name="Get Value" owner="SeleniumLibrary">
<arg>${DISPLAY}</arg>
<doc>Returns the value attribute of the element identified by ``locator``.</doc>
<status status="PASS" start="2026-05-06T13:44:37.654759" elapsed="0.006923"/>
</kw>
<msg time="2026-05-06T13:44:37.661749" level="INFO">${status} = PASS</msg>
<msg time="2026-05-06T13:44:37.661769" level="INFO">${value} = 7</msg>
<var>${status}</var>
<var>${value}</var>
<arg>Get Value</arg>
<arg>${DISPLAY}</arg>
<doc>Runs the given keyword with the given arguments and ignores possible error.</doc>
<status status="PASS" start="2026-05-06T13:44:37.654600" elapsed="0.007179"/>
</kw>
<if>
<branch type="IF" condition="'${status}' == 'PASS'">
<kw name="Set Variable" owner="BuiltIn">
<msg time="2026-05-06T13:44:37.662063" level="INFO">${result} = 7</msg>
<var>${result}</var>
<arg>${value}</arg>
<doc>Returns the given values which can then be assigned to a variables.</doc>
<status status="PASS" start="2026-05-06T13:44:37.661941" elapsed="0.000132"/>
</kw>
<status status="PASS" start="2026-05-06T13:44:37.661837" elapsed="0.000254"/>
</branch>
<branch type="ELSE">
<kw name="Get Text" owner="SeleniumLibrary">
<var>${result}</var>
<arg>${DISPLAY}</arg>
<doc>Returns the text value of the element identified by ``locator``.</doc>
<status status="NOT RUN" start="2026-05-06T13:44:37.662151" elapsed="0.000010"/>
</kw>
<status status="NOT RUN" start="2026-05-06T13:44:37.662108" elapsed="0.000067"/>
</branch>
<status status="PASS" start="2026-05-06T13:44:37.661821" elapsed="0.000366"/>
</if>
<kw name="Strip String" owner="String">
<msg time="2026-05-06T13:44:37.662296" level="INFO">${result} = 7</msg>
<var>${result}</var>
<arg>${result}</arg>
<doc>Remove leading and/or trailing whitespaces from the given string.</doc>
<status status="PASS" start="2026-05-06T13:44:37.662222" elapsed="0.000085"/>
</kw>
<return>
<value>${result}</value>
<status status="PASS" start="2026-05-06T13:44:37.662327" elapsed="0.000038"/>
</return>
<msg time="2026-05-06T13:44:37.662540" level="INFO">${result} = 7</msg>
<var>${result}</var>
<status status="PASS" start="2026-05-06T13:44:37.654467" elapsed="0.008087"/>
</kw>
<return>
<value>${result}</value>
<status status="PASS" start="2026-05-06T13:44:37.662575" elapsed="0.000121"/>
</return>
<msg time="2026-05-06T13:44:37.662804" level="INFO">${result} = 7</msg>
<var>${result}</var>
<arg>${expr}</arg>
<status status="PASS" start="2026-05-06T13:44:37.507745" elapsed="0.155130"/>
</kw>
<kw name="Validate Result" owner="keywords">
<kw name="Run Keyword And Return Status" owner="BuiltIn">
<kw name="Should Be Equal As Strings" owner="BuiltIn">
<msg time="2026-05-06T13:44:37.663596" level="FAIL">7 != 10</msg>
<arg>${actual}</arg>
<arg>${expected}</arg>
<doc>Fails if objects are unequal after converting them to strings.</doc>
<status status="FAIL" start="2026-05-06T13:44:37.663388" elapsed="0.000399">7 != 10</status>
</kw>
<msg time="2026-05-06T13:44:37.663833" level="INFO">${status} = False</msg>
<var>${status}</var>
<arg>Should Be Equal As Strings</arg>
<arg>${actual}</arg>
<arg>${expected}</arg>
<doc>Runs the specified keyword and returns the status as a Boolean value.</doc>
<status status="PASS" start="2026-05-06T13:44:37.663194" elapsed="0.000650"/>
</kw>
<if>
<branch type="IF" condition="not ${status}">
<kw name="Set Variable" owner="BuiltIn">
<msg time="2026-05-06T13:44:37.664477" level="INFO">${msg} = ❌ TC-001 FAILED (7+3) → Expected: 10, Got: 7</msg>
<var>${msg}</var>
<arg>❌ ${tc} FAILED (${context}) → Expected: ${expected}, Got: ${actual}</arg>
<doc>Returns the given values which can then be assigned to a variables.</doc>
<status status="PASS" start="2026-05-06T13:44:37.663962" elapsed="0.000533"/>
</kw>
<kw name="Log" owner="BuiltIn">
<msg time="2026-05-06T13:44:37.664689" level="ERROR">❌ TC-001 FAILED (7+3) → Expected: 10, Got: 7</msg>
<arg>${msg}</arg>
<arg>ERROR</arg>
<doc>Logs the given message with the given level.</doc>
<status status="PASS" start="2026-05-06T13:44:37.664557" elapsed="0.000217"/>
</kw>
<kw name="Append To List" owner="Collections">
<arg>${FAILURES}</arg>
<arg>${msg}</arg>
<doc>Adds ``values`` to the end of ``list``.</doc>
<status status="PASS" start="2026-05-06T13:44:37.664828" elapsed="0.000092"/>
</kw>
<status status="PASS" start="2026-05-06T13:44:37.663882" elapsed="0.001059"/>
</branch>
<branch type="ELSE">
<kw name="Log" owner="BuiltIn">
<arg>✅ ${tc} PASSED</arg>
<doc>Logs the given message with the given level.</doc>
<status status="NOT RUN" start="2026-05-06T13:44:37.665007" elapsed="0.000010"/>
</kw>
<status status="NOT RUN" start="2026-05-06T13:44:37.664961" elapsed="0.000178"/>
</branch>
<status status="PASS" start="2026-05-06T13:44:37.663873" elapsed="0.001281"/>
</if>
<arg>${result}</arg>
<arg>${expected}</arg>
<arg>${tc}</arg>
<arg>${expr}</arg>
<status status="PASS" start="2026-05-06T13:44:37.663005" elapsed="0.002169"/>
</kw>
<arg>7+3</arg>
<arg>10</arg>
<arg>TC-001</arg>
<status status="PASS" start="2026-05-06T13:44:37.507559" elapsed="0.157640"/>
</kw>
<kw name="Capture Failure Screenshot" owner="keywords" type="TEARDOWN">
<kw name="Get Time" owner="BuiltIn">
<msg time="2026-05-06T13:44:37.665536" level="INFO">${timestamp} = 1778055277</msg>
<var>${timestamp}</var>
<arg>epoch</arg>
<doc>Returns the given time in the requested format.</doc>
<status status="PASS" start="2026-05-06T13:44:37.665417" elapsed="0.000131"/>
</kw>
<kw name="Capture Page Screenshot" owner="SeleniumLibrary">
<msg time="2026-05-06T13:44:37.743433" level="INFO" html="true">&lt;/td&gt;&lt;/tr&gt;&lt;tr&gt;&lt;td colspan="3"&gt;&lt;a href="reports/failure_1778055277.png"&gt;&lt;img src="reports/failure_1778055277.png" width="800px"&gt;&lt;/a&gt;</msg>
<arg>reports/failure_${timestamp}.png</arg>
<doc>Takes a screenshot of the current page and embeds it into a log file.</doc>
<status status="PASS" start="2026-05-06T13:44:37.665597" elapsed="0.077910"/>
</kw>
<status status="PASS" start="2026-05-06T13:44:37.665312" elapsed="0.078249"/>
</kw>
<tag>BasicOperations</tag>
<tag>TC-001</tag>
<status status="PASS" start="2026-05-06T13:44:37.466468" elapsed="0.277152"/>
</test>
<test id="s1-t2" name="Subtraction Test" line="32">
<kw name="Clear Calculator" owner="keywords" type="SETUP">
<kw name="Click Element" owner="SeleniumLibrary">
<msg time="2026-05-06T13:44:37.744209" level="INFO">Clicking element 'xpath=//button[text()='C']'.</msg>
<arg>${CLEAR_BTN}</arg>
<doc>Click the element identified by ``locator``.</doc>
<status status="PASS" start="2026-05-06T13:44:37.744099" elapsed="0.026177"/>
</kw>
<status status="PASS" start="2026-05-06T13:44:37.743970" elapsed="0.026660"/>
</kw>
<kw name="Validate Expression" owner="keywords">
<kw name="Calculate Expression" owner="keywords">
<kw name="Input Expression" owner="keywords">
<kw name="Split String To Characters" owner="String">
<msg time="2026-05-06T13:44:37.771680" level="INFO">${chars} = ['7', '-', '3']</msg>
<var>${chars}</var>
<arg>${expression}</arg>
<doc>Splits the given ``string`` to characters.</doc>
<status status="PASS" start="2026-05-06T13:44:37.771565" elapsed="0.000131"/>
</kw>
<for flavor="IN">
<iter>
<kw name="Click Button" owner="keywords">
<kw name="Run Keyword If" owner="BuiltIn">
<kw name="Set Variable" owner="BuiltIn">
<arg>${value}</arg>
<doc>Returns the given values which can then be assigned to a variables.</doc>
<status status="PASS" start="2026-05-06T13:44:37.772287" elapsed="0.000098"/>
</kw>
<msg time="2026-05-06T13:44:37.772426" level="INFO">${value} = 7</msg>
<var>${value}</var>
<arg>'${value}' == '*'</arg>
<arg>Set Variable</arg>
<arg>×</arg>
<arg>ELSE IF</arg>
<arg>'${value}' == '/'</arg>
<arg>Set Variable</arg>
<arg>÷</arg>
<arg>ELSE IF</arg>
<arg>'${value}' == '-'</arg>
<arg>Set Variable</arg>
<arg>−</arg>
<arg>ELSE</arg>
<arg>Set Variable</arg>
<arg>${value}</arg>
<doc>Runs the given keyword with the given arguments, if ``condition`` is true.</doc>
<status status="PASS" start="2026-05-06T13:44:37.771990" elapsed="0.000447"/>
</kw>
<kw name="Set Variable" owner="BuiltIn">
<msg time="2026-05-06T13:44:37.772605" level="INFO">${locator} = xpath=//button[normalize-space(.)='7']</msg>
<var>${locator}</var>
<arg>xpath=//button[normalize-space(.)='${value}']</arg>
<doc>Returns the given values which can then be assigned to a variables.</doc>
<status status="PASS" start="2026-05-06T13:44:37.772494" elapsed="0.000123"/>
</kw>
<kw name="Click Element" owner="SeleniumLibrary">
<msg time="2026-05-06T13:44:37.772755" level="INFO">Clicking element 'xpath=//button[normalize-space(.)='7']'.</msg>
<arg>${locator}</arg>
<doc>Click the element identified by ``locator``.</doc>
<status status="PASS" start="2026-05-06T13:44:37.772665" elapsed="0.020917"/>
</kw>
<arg>${char}</arg>
<status status="PASS" start="2026-05-06T13:44:37.771874" elapsed="0.021769"/>
</kw>
<var name="${char}">7</var>
<status status="PASS" start="2026-05-06T13:44:37.771816" elapsed="0.021845"/>
</iter>
<iter>
<kw name="Click Button" owner="keywords">
<kw name="Run Keyword If" owner="BuiltIn">
<kw name="Set Variable" owner="BuiltIn">
<arg>−</arg>
<doc>Returns the given values which can then be assigned to a variables.</doc>
<status status="PASS" start="2026-05-06T13:44:37.794290" elapsed="0.000082"/>
</kw>
<msg time="2026-05-06T13:44:37.794416" level="INFO">${value} = −</msg>
<var>${value}</var>
<arg>'${value}' == '*'</arg>
<arg>Set Variable</arg>
<arg>×</arg>
<arg>ELSE IF</arg>
<arg>'${value}' == '/'</arg>
<arg>Set Variable</arg>
<arg>÷</arg>
<arg>ELSE IF</arg>
<arg>'${value}' == '-'</arg>
<arg>Set Variable</arg>
<arg>−</arg>
<arg>ELSE</arg>
<arg>Set Variable</arg>
<arg>${value}</arg>
<doc>Runs the given keyword with the given arguments, if ``condition`` is true.</doc>
<status status="PASS" start="2026-05-06T13:44:37.793957" elapsed="0.000472"/>
</kw>
<kw name="Set Variable" owner="BuiltIn">
<msg time="2026-05-06T13:44:37.794587" level="INFO">${locator} = xpath=//button[normalize-space(.)='−']</msg>
<var>${locator}</var>
<arg>xpath=//button[normalize-space(.)='${value}']</arg>
<doc>Returns the given values which can then be assigned to a variables.</doc>
<status status="PASS" start="2026-05-06T13:44:37.794484" elapsed="0.000114"/>
</kw>
<kw name="Click Element" owner="SeleniumLibrary">
<msg time="2026-05-06T13:44:37.794733" level="INFO">Clicking element 'xpath=//button[normalize-space(.)='−']'.</msg>
<arg>${locator}</arg>
<doc>Click the element identified by ``locator``.</doc>
<status status="PASS" start="2026-05-06T13:44:37.794650" elapsed="0.023262"/>
</kw>
<arg>${char}</arg>
<status status="PASS" start="2026-05-06T13:44:37.793815" elapsed="0.024148"/>
</kw>
<var name="${char}">-</var>
<status status="PASS" start="2026-05-06T13:44:37.793732" elapsed="0.024248"/>
</iter>
<iter>
<kw name="Click Button" owner="keywords">
<kw name="Run Keyword If" owner="BuiltIn">
<kw name="Set Variable" owner="BuiltIn">
<arg>${value}</arg>
<doc>Returns the given values which can then be assigned to a variables.</doc>
<status status="PASS" start="2026-05-06T13:44:37.818478" elapsed="0.000090"/>
</kw>
<msg time="2026-05-06T13:44:37.818602" level="INFO">${value} = 3</msg>
<var>${value}</var>
<arg>'${value}' == '*'</arg>
<arg>Set Variable</arg>
<arg>×</arg>
<arg>ELSE IF</arg>
<arg>'${value}' == '/'</arg>
<arg>Set Variable</arg>
<arg>÷</arg>
<arg>ELSE IF</arg>
<arg>'${value}' == '-'</arg>
<arg>Set Variable</arg>
<arg>−</arg>
<arg>ELSE</arg>
<arg>Set Variable</arg>
<arg>${value}</arg>
<doc>Runs the given keyword with the given arguments, if ``condition`` is true.</doc>
<status status="PASS" start="2026-05-06T13:44:37.818242" elapsed="0.000371"/>
</kw>
<kw name="Set Variable" owner="BuiltIn">
<msg time="2026-05-06T13:44:37.818765" level="INFO">${locator} = xpath=//button[normalize-space(.)='3']</msg>
<var>${locator}</var>
<arg>xpath=//button[normalize-space(.)='${value}']</arg>
<doc>Returns the given values which can then be assigned to a variables.</doc>
<status status="PASS" start="2026-05-06T13:44:37.818665" elapsed="0.000110"/>
</kw>
<kw name="Click Element" owner="SeleniumLibrary">
<msg time="2026-05-06T13:44:37.818887" level="INFO">Clicking element 'xpath=//button[normalize-space(.)='3']'.</msg>
<arg>${locator}</arg>
<doc>Click the element identified by ``locator``.</doc>
<status status="PASS" start="2026-05-06T13:44:37.818818" elapsed="0.018709"/>
</kw>
<arg>${char}</arg>
<status status="PASS" start="2026-05-06T13:44:37.818116" elapsed="0.019460"/>
</kw>
<var name="${char}">3</var>
<status status="PASS" start="2026-05-06T13:44:37.818041" elapsed="0.019553"/>
</iter>
<var>${char}</var>
<value>@{chars}</value>
<status status="PASS" start="2026-05-06T13:44:37.771735" elapsed="0.065886"/>
</for>
<arg>${expression}</arg>
<status status="PASS" start="2026-05-06T13:44:37.771426" elapsed="0.066230"/>
</kw>
<kw name="Click Button" owner="keywords">
<kw name="Run Keyword If" owner="BuiltIn">
<kw name="Set Variable" owner="BuiltIn">
<arg>${value}</arg>
<doc>Returns the given values which can then be assigned to a variables.</doc>
<status status="PASS" start="2026-05-06T13:44:37.838908" elapsed="0.000088"/>
</kw>
<msg time="2026-05-06T13:44:37.839038" level="INFO">${value} = =</msg>
<var>${value}</var>
<arg>'${value}' == '*'</arg>
<arg>Set Variable</arg>
<arg>×</arg>
<arg>ELSE IF</arg>
<arg>'${value}' == '/'</arg>
<arg>Set Variable</arg>
<arg>÷</arg>
<arg>ELSE IF</arg>
<arg>'${value}' == '-'</arg>
<arg>Set Variable</arg>
<arg>−</arg>
<arg>ELSE</arg>
<arg>Set Variable</arg>
<arg>${value}</arg>
<doc>Runs the given keyword with the given arguments, if ``condition`` is true.</doc>
<status status="PASS" start="2026-05-06T13:44:37.838670" elapsed="0.000378"/>
</kw>
<kw name="Set Variable" owner="BuiltIn">
<msg time="2026-05-06T13:44:37.839199" level="INFO">${locator} = xpath=//button[normalize-space(.)='=']</msg>
<var>${locator}</var>
<arg>xpath=//button[normalize-space(.)='${value}']</arg>
<doc>Returns the given values which can then be assigned to a variables.</doc>
<status status="PASS" start="2026-05-06T13:44:37.839101" elapsed="0.000109"/>
</kw>
<kw name="Click Element" owner="SeleniumLibrary">
<msg time="2026-05-06T13:44:37.839324" level="INFO">Clicking element 'xpath=//button[normalize-space(.)='=']'.</msg>
<arg>${locator}</arg>
<doc>Click the element identified by ``locator``.</doc>
<status status="PASS" start="2026-05-06T13:44:37.839254" elapsed="0.018389"/>
</kw>
<arg>=</arg>
<status status="PASS" start="2026-05-06T13:44:37.838527" elapsed="0.019211"/>
</kw>
<kw name="Get Result" owner="keywords">
<kw name="Run Keyword And Ignore Error" owner="BuiltIn">
<kw name="Get Value" owner="SeleniumLibrary">
<arg>${DISPLAY}</arg>
<doc>Returns the value attribute of the element identified by ``locator``.</doc>
<status status="PASS" start="2026-05-06T13:44:37.858187" elapsed="0.005017"/>
</kw>
<msg time="2026-05-06T13:44:37.863279" level="INFO">${status} = PASS</msg>
<msg time="2026-05-06T13:44:37.863300" level="INFO">${value} = 0</msg>
<var>${status}</var>
<var>${value}</var>
<arg>Get Value</arg>
<arg>${DISPLAY}</arg>
<doc>Runs the given keyword with the given arguments and ignores possible error.</doc>
<status status="PASS" start="2026-05-06T13:44:37.858047" elapsed="0.005262"/>
</kw>
<if>
<branch type="IF" condition="'${status}' == 'PASS'">
<kw name="Set Variable" owner="BuiltIn">
<msg time="2026-05-06T13:44:37.863608" level="INFO">${result} = 0</msg>
<var>${result}</var>
<arg>${value}</arg>
<doc>Returns the given values which can then be assigned to a variables.</doc>
<status status="PASS" start="2026-05-06T13:44:37.863478" elapsed="0.000141"/>
</kw>
<status status="PASS" start="2026-05-06T13:44:37.863364" elapsed="0.000279"/>
</branch>
<branch type="ELSE">
<kw name="Get Text" owner="SeleniumLibrary">
<var>${result}</var>
<arg>${DISPLAY}</arg>
<doc>Returns the text value of the element identified by ``locator``.</doc>
<status status="NOT RUN" start="2026-05-06T13:44:37.863717" elapsed="0.000010"/>
</kw>
<status status="NOT RUN" start="2026-05-06T13:44:37.863668" elapsed="0.000074"/>
</branch>
<status status="PASS" start="2026-05-06T13:44:37.863346" elapsed="0.000408"/>
</if>
<kw name="Strip String" owner="String">
<msg time="2026-05-06T13:44:37.863856" level="INFO">${result} = 0</msg>
<var>${result}</var>
<arg>${result}</arg>
<doc>Remove leading and/or trailing whitespaces from the given string.</doc>
<status status="PASS" start="2026-05-06T13:44:37.863786" elapsed="0.000080"/>
</kw>
<return>
<value>${result}</value>
<status status="PASS" start="2026-05-06T13:44:37.863886" elapsed="0.000027"/>
</return>
<msg time="2026-05-06T13:44:37.863959" level="INFO">${result} = 0</msg>
<var>${result}</var>
<status status="PASS" start="2026-05-06T13:44:37.857903" elapsed="0.006064"/>
</kw>
<return>
<value>${result}</value>
<status status="PASS" start="2026-05-06T13:44:37.863984" elapsed="0.000012"/>
</return>
<msg time="2026-05-06T13:44:37.864035" level="INFO">${result} = 0</msg>
<var>${result}</var>
<arg>${expr}</arg>
<status status="PASS" start="2026-05-06T13:44:37.771276" elapsed="0.092768"/>
</kw>
<kw name="Validate Result" owner="keywords">
<kw name="Run Keyword And Return Status" owner="BuiltIn">
<kw name="Should Be Equal As Strings" owner="BuiltIn">
<msg time="2026-05-06T13:44:37.864531" level="FAIL">0 != 4</msg>
<arg>${actual}</arg>
<arg>${expected}</arg>
<doc>Fails if objects are unequal after converting them to strings.</doc>
<status status="FAIL" start="2026-05-06T13:44:37.864374" elapsed="0.000203">0 != 4</status>
</kw>
<msg time="2026-05-06T13:44:37.864613" level="INFO">${status} = False</msg>
<var>${status}</var>
<arg>Should Be Equal As Strings</arg>
<arg>${actual}</arg>
<arg>${expected}</arg>
<doc>Runs the specified keyword and returns the status as a Boolean value.</doc>
<status status="PASS" start="2026-05-06T13:44:37.864271" elapsed="0.000351"/>
</kw>
<if>
<branch type="IF" condition="not ${status}">
<kw name="Set Variable" owner="BuiltIn">
<msg time="2026-05-06T13:44:37.864863" level="INFO">${msg} = ❌ TC-002 FAILED (7-3) → Expected: 4, Got: 0</msg>
<var>${msg}</var>
<arg>❌ ${tc} FAILED (${context}) → Expected: ${expected}, Got: ${actual}</arg>
<doc>Returns the given values which can then be assigned to a variables.</doc>
<status status="PASS" start="2026-05-06T13:44:37.864726" elapsed="0.000153"/>
</kw>
<kw name="Log" owner="BuiltIn">
<msg time="2026-05-06T13:44:37.865022" level="ERROR">❌ TC-002 FAILED (7-3) → Expected: 4, Got: 0</msg>
<arg>${msg}</arg>
<arg>ERROR</arg>
<doc>Logs the given message with the given level.</doc>
<status status="PASS" start="2026-05-06T13:44:37.864922" elapsed="0.000168"/>
</kw>
<kw name="Append To List" owner="Collections">
<arg>${FAILURES}</arg>
<arg>${msg}</arg>
<doc>Adds ``values`` to the end of ``list``.</doc>
<status status="PASS" start="2026-05-06T13:44:37.865131" elapsed="0.000079"/>
</kw>
<status status="PASS" start="2026-05-06T13:44:37.864653" elapsed="0.000574"/>
</branch>
<branch type="ELSE">
<kw name="Log" owner="BuiltIn">
<arg>✅ ${tc} PASSED</arg>
<doc>Logs the given message with the given level.</doc>
<status status="NOT RUN" start="2026-05-06T13:44:37.865281" elapsed="0.000009"/>
</kw>
<status status="NOT RUN" start="2026-05-06T13:44:37.865242" elapsed="0.000062"/>
</branch>
<status status="PASS" start="2026-05-06T13:44:37.864645" elapsed="0.000670"/>
</if>
<arg>${result}</arg>
<arg>${expected}</arg>
<arg>${tc}</arg>
<arg>${expr}</arg>
<status status="PASS" start="2026-05-06T13:44:37.864131" elapsed="0.001206"/>
</kw>
<arg>7-3</arg>
<arg>4</arg>
<arg>TC-002</arg>
<status status="PASS" start="2026-05-06T13:44:37.770991" elapsed="0.094368"/>
</kw>
<kw name="Capture Failure Screenshot" owner="keywords" type="TEARDOWN">
<kw name="Get Time" owner="BuiltIn">
<msg time="2026-05-06T13:44:37.865651" level="INFO">${timestamp} = 1778055277</msg>
<var>${timestamp}</var>
<arg>epoch</arg>
<doc>Returns the given time in the requested format.</doc>
<status status="PASS" start="2026-05-06T13:44:37.865552" elapsed="0.000109"/>
</kw>
<kw name="Capture Page Screenshot" owner="SeleniumLibrary">
<msg time="2026-05-06T13:44:37.938287" level="INFO" html="true">&lt;/td&gt;&lt;/tr&gt;&lt;tr&gt;&lt;td colspan="3"&gt;&lt;a href="reports/failure_1778055277.png"&gt;&lt;img src="reports/failure_1778055277.png" width="800px"&gt;&lt;/a&gt;</msg>
<arg>reports/failure_${timestamp}.png</arg>
<doc>Takes a screenshot of the current page and embeds it into a log file.</doc>
<status status="PASS" start="2026-05-06T13:44:37.865703" elapsed="0.072644"/>
</kw>
<status status="PASS" start="2026-05-06T13:44:37.865467" elapsed="0.072933"/>
</kw>
<tag>BasicOperations</tag>
<tag>TC-002</tag>
<status status="PASS" start="2026-05-06T13:44:37.743767" elapsed="0.194686"/>
</test>
<test id="s1-t3" name="Multiplication Test" line="36">
<kw name="Clear Calculator" owner="keywords" type="SETUP">
<kw name="Click Element" owner="SeleniumLibrary">
<msg time="2026-05-06T13:44:37.939030" level="INFO">Clicking element 'xpath=//button[text()='C']'.</msg>
<arg>${CLEAR_BTN}</arg>
<doc>Click the element identified by ``locator``.</doc>
<status status="PASS" start="2026-05-06T13:44:37.938924" elapsed="0.021230"/>
</kw>
<status status="PASS" start="2026-05-06T13:44:37.938799" elapsed="0.021422"/>
</kw>
<kw name="Validate Expression" owner="keywords">
<kw name="Calculate Expression" owner="keywords">
<kw name="Input Expression" owner="keywords">
<kw name="Split String To Characters" owner="String">
<msg time="2026-05-06T13:44:37.960919" level="INFO">${chars} = ['3', '*', '6']</msg>
<var>${chars}</var>
<arg>${expression}</arg>
<doc>Splits the given ``string`` to characters.</doc>
<status status="PASS" start="2026-05-06T13:44:37.960833" elapsed="0.000100"/>
</kw>
<for flavor="IN">
<iter>
<kw name="Click Button" owner="keywords">
<kw name="Run Keyword If" owner="BuiltIn">
<kw name="Set Variable" owner="BuiltIn">
<arg>${value}</arg>
<doc>Returns the given values which can then be assigned to a variables.</doc>
<status status="PASS" start="2026-05-06T13:44:37.961441" elapsed="0.000102"/>
</kw>
<msg time="2026-05-06T13:44:37.961581" level="INFO">${value} = 3</msg>
<var>${value}</var>
<arg>'${value}' == '*'</arg>
<arg>Set Variable</arg>
<arg>×</arg>
<arg>ELSE IF</arg>
<arg>'${value}' == '/'</arg>
<arg>Set Variable</arg>
<arg>÷</arg>
<arg>ELSE IF</arg>
<arg>'${value}' == '-'</arg>
<arg>Set Variable</arg>
<arg>−</arg>
<arg>ELSE</arg>
<arg>Set Variable</arg>
<arg>${value}</arg>
<doc>Runs the given keyword with the given arguments, if ``condition`` is true.</doc>
<status status="PASS" start="2026-05-06T13:44:37.961194" elapsed="0.000398"/>
</kw>
<kw name="Set Variable" owner="BuiltIn">
<msg time="2026-05-06T13:44:37.961759" level="INFO">${locator} = xpath=//button[normalize-space(.)='3']</msg>
<var>${locator}</var>
<arg>xpath=//button[normalize-space(.)='${value}']</arg>
<doc>Returns the given values which can then be assigned to a variables.</doc>
<status status="PASS" start="2026-05-06T13:44:37.961651" elapsed="0.000119"/>
</kw>
<kw name="Click Element" owner="SeleniumLibrary">
<msg time="2026-05-06T13:44:37.961901" level="INFO">Clicking element 'xpath=//button[normalize-space(.)='3']'.</msg>
<arg>${locator}</arg>
<doc>Click the element identified by ``locator``.</doc>
<status status="PASS" start="2026-05-06T13:44:37.961818" elapsed="0.020589"/>
</kw>
<arg>${char}</arg>
<status status="PASS" start="2026-05-06T13:44:37.961091" elapsed="0.021378"/>
</kw>
<var name="${char}">3</var>
<status status="PASS" start="2026-05-06T13:44:37.961040" elapsed="0.021467"/>
</iter>
<iter>
<kw name="Click Button" owner="keywords">
<kw name="Run Keyword If" owner="BuiltIn">
<kw name="Set Variable" owner="BuiltIn">
<arg>×</arg>
<doc>Returns the given values which can then be assigned to a variables.</doc>
<status status="PASS" start="2026-05-06T13:44:37.983038" elapsed="0.000077"/>
</kw>
<msg time="2026-05-06T13:44:37.983150" level="INFO">${value} = ×</msg>
<var>${value}</var>
<arg>'${value}' == '*'</arg>
<arg>Set Variable</arg>
<arg>×</arg>
<arg>ELSE IF</arg>
<arg>'${value}' == '/'</arg>
<arg>Set Variable</arg>
<arg>÷</arg>
<arg>ELSE IF</arg>
<arg>'${value}' == '-'</arg>
<arg>Set Variable</arg>
<arg>−</arg>
<arg>ELSE</arg>
<arg>Set Variable</arg>
<arg>${value}</arg>
<doc>Runs the given keyword with the given arguments, if ``condition`` is true.</doc>
<status status="PASS" start="2026-05-06T13:44:37.982804" elapsed="0.000357"/>
</kw>
<kw name="Set Variable" owner="BuiltIn">
<msg time="2026-05-06T13:44:37.983329" level="INFO">${locator} = xpath=//button[normalize-space(.)='×']</msg>
<var>${locator}</var>
<arg>xpath=//button[normalize-space(.)='${value}']</arg>
<doc>Returns the given values which can then be assigned to a variables.</doc>
<status status="PASS" start="2026-05-06T13:44:37.983211" elapsed="0.000129"/>
</kw>
<kw name="Click Element" owner="SeleniumLibrary">
<msg time="2026-05-06T13:44:37.983457" level="INFO">Clicking element 'xpath=//button[normalize-space(.)='×']'.</msg>
<arg>${locator}</arg>
<doc>Click the element identified by ``locator``.</doc>
<status status="PASS" start="2026-05-06T13:44:37.983384" elapsed="0.022857"/>
</kw>
<arg>${char}</arg>
<status status="PASS" start="2026-05-06T13:44:37.982664" elapsed="0.023624"/>
</kw>
<var name="${char}">*</var>
<status status="PASS" start="2026-05-06T13:44:37.982586" elapsed="0.023718"/>
</iter>
<iter>
<kw name="Click Button" owner="keywords">
<kw name="Run Keyword If" owner="BuiltIn">
<kw name="Set Variable" owner="BuiltIn">
<arg>${value}</arg>
<doc>Returns the given values which can then be assigned to a variables.</doc>
<status status="PASS" start="2026-05-06T13:44:38.006774" elapsed="0.000091"/>
</kw>
<msg time="2026-05-06T13:44:38.006900" level="INFO">${value} = 6</msg>
<var>${value}</var>
<arg>'${value}' == '*'</arg>
<arg>Set Variable</arg>
<arg>×</arg>
<arg>ELSE IF</arg>
<arg>'${value}' == '/'</arg>
<arg>Set Variable</arg>
<arg>÷</arg>
<arg>ELSE IF</arg>
<arg>'${value}' == '-'</arg>
<arg>Set Variable</arg>
<arg>−</arg>
<arg>ELSE</arg>
<arg>Set Variable</arg>
<arg>${value}</arg>
<doc>Runs the given keyword with the given arguments, if ``condition`` is true.</doc>
<status status="PASS" start="2026-05-06T13:44:38.006554" elapsed="0.000356"/>
</kw>
<kw name="Set Variable" owner="BuiltIn">
<msg time="2026-05-06T13:44:38.007058" level="INFO">${locator} = xpath=//button[normalize-space(.)='6']</msg>
<var>${locator}</var>
<arg>xpath=//button[normalize-space(.)='${value}']</arg>
<doc>Returns the given values which can then be assigned to a variables.</doc>
<status status="PASS" start="2026-05-06T13:44:38.006961" elapsed="0.000107"/>
</kw>
<kw name="Click Element" owner="SeleniumLibrary">
<msg time="2026-05-06T13:44:38.007182" level="INFO">Clicking element 'xpath=//button[normalize-space(.)='6']'.</msg>
<arg>${locator}</arg>
<doc>Click the element identified by ``locator``.</doc>
<status status="PASS" start="2026-05-06T13:44:38.007111" elapsed="0.021342"/>
</kw>
<arg>${char}</arg>
<status status="PASS" start="2026-05-06T13:44:38.006432" elapsed="0.022065"/>
</kw>
<var name="${char}">6</var>
<status status="PASS" start="2026-05-06T13:44:38.006361" elapsed="0.022152"/>
</iter>
<var>${char}</var>
<value>@{chars}</value>
<status status="PASS" start="2026-05-06T13:44:37.960966" elapsed="0.067568"/>
</for>
<arg>${expression}</arg>
<status status="PASS" start="2026-05-06T13:44:37.960730" elapsed="0.067838"/>
</kw>
<kw name="Click Button" owner="keywords">
<kw name="Run Keyword If" owner="BuiltIn">
<kw name="Set Variable" owner="BuiltIn">
<arg>${value}</arg>
<doc>Returns the given values which can then be assigned to a variables.</doc>
<status status="PASS" start="2026-05-06T13:44:38.030047" elapsed="0.000162"/>
</kw>
<msg time="2026-05-06T13:44:38.030253" level="INFO">${value} = =</msg>
<var>${value}</var>
<arg>'${value}' == '*'</arg>
<arg>Set Variable</arg>
<arg>×</arg>
<arg>ELSE IF</arg>
<arg>'${value}' == '/'</arg>
<arg>Set Variable</arg>
<arg>÷</arg>
<arg>ELSE IF</arg>
<arg>'${value}' == '-'</arg>
<arg>Set Variable</arg>
<arg>−</arg>
<arg>ELSE</arg>
<arg>Set Variable</arg>
<arg>${value}</arg>
<doc>Runs the given keyword with the given arguments, if ``condition`` is true.</doc>
<status status="PASS" start="2026-05-06T13:44:38.028768" elapsed="0.001496"/>
</kw>
<kw name="Set Variable" owner="BuiltIn">
<msg time="2026-05-06T13:44:38.030429" level="INFO">${locator} = xpath=//button[normalize-space(.)='=']</msg>
<var>${locator}</var>
<arg>xpath=//button[normalize-space(.)='${value}']</arg>
<doc>Returns the given values which can then be assigned to a variables.</doc>
<status status="PASS" start="2026-05-06T13:44:38.030322" elapsed="0.000118"/>
</kw>
<kw name="Click Element" owner="SeleniumLibrary">
<msg time="2026-05-06T13:44:38.030556" level="INFO">Clicking element 'xpath=//button[normalize-space(.)='=']'.</msg>
<arg>${locator}</arg>
<doc>Click the element identified by ``locator``.</doc>
<status status="PASS" start="2026-05-06T13:44:38.030485" elapsed="0.018983"/>
</kw>
<arg>=</arg>
<status status="PASS" start="2026-05-06T13:44:38.028644" elapsed="0.020864"/>
</kw>
<kw name="Get Result" owner="keywords">
<kw name="Run Keyword And Ignore Error" owner="BuiltIn">
<kw name="Get Value" owner="SeleniumLibrary">
<arg>${DISPLAY}</arg>
<doc>Returns the value attribute of the element identified by ``locator``.</doc>
<status status="PASS" start="2026-05-06T13:44:38.049927" elapsed="0.004635"/>
</kw>
<msg time="2026-05-06T13:44:38.054619" level="INFO">${status} = PASS</msg>
<msg time="2026-05-06T13:44:38.054637" level="INFO">${value} = 0</msg>
<var>${status}</var>
<var>${value}</var>
<arg>Get Value</arg>
<arg>${DISPLAY}</arg>
<doc>Runs the given keyword with the given arguments and ignores possible error.</doc>
<status status="PASS" start="2026-05-06T13:44:38.049706" elapsed="0.004940"/>
</kw>
<if>
<branch type="IF" condition="'${status}' == 'PASS'">
<kw name="Set Variable" owner="BuiltIn">
<msg time="2026-05-06T13:44:38.054883" level="INFO">${result} = 0</msg>
<var>${result}</var>
<arg>${value}</arg>
<doc>Returns the given values which can then be assigned to a variables.</doc>
<status status="PASS" start="2026-05-06T13:44:38.054774" elapsed="0.000120"/>
</kw>
<status status="PASS" start="2026-05-06T13:44:38.054689" elapsed="0.000223"/>
</branch>
<branch type="ELSE">
<kw name="Get Text" owner="SeleniumLibrary">
<var>${result}</var>
<arg>${DISPLAY}</arg>
<doc>Returns the text value of the element identified by ``locator``.</doc>
<status status="NOT RUN" start="2026-05-06T13:44:38.054969" elapsed="0.000011"/>
</kw>
<status status="NOT RUN" start="2026-05-06T13:44:38.054928" elapsed="0.000067"/>
</branch>
<status status="PASS" start="2026-05-06T13:44:38.054676" elapsed="0.000330"/>
</if>
<kw name="Strip String" owner="String">
<msg time="2026-05-06T13:44:38.055106" level="INFO">${result} = 0</msg>
<var>${result}</var>
<arg>${result}</arg>
<doc>Remove leading and/or trailing whitespaces from the given string.</doc>
<status status="PASS" start="2026-05-06T13:44:38.055038" elapsed="0.000080"/>
</kw>
<return>
<value>${result}</value>
<status status="PASS" start="2026-05-06T13:44:38.055137" elapsed="0.000021"/>
</return>
<msg time="2026-05-06T13:44:38.055201" level="INFO">${result} = 0</msg>
<var>${result}</var>
<status status="PASS" start="2026-05-06T13:44:38.049604" elapsed="0.005606"/>
</kw>
<return>
<value>${result}</value>
<status status="PASS" start="2026-05-06T13:44:38.055227" elapsed="0.000011"/>
</return>
<msg time="2026-05-06T13:44:38.055276" level="INFO">${result} = 0</msg>
<var>${result}</var>
<arg>${expr}</arg>
<status status="PASS" start="2026-05-06T13:44:37.960592" elapsed="0.094693"/>
</kw>
<kw name="Validate Result" owner="keywords">
<kw name="Run Keyword And Return Status" owner="BuiltIn">
<kw name="Should Be Equal As Strings" owner="BuiltIn">
<msg time="2026-05-06T13:44:38.055717" level="FAIL">0 != 18</msg>
<arg>${actual}</arg>
<arg>${expected}</arg>
<doc>Fails if objects are unequal after converting them to strings.</doc>
<status status="FAIL" start="2026-05-06T13:44:38.055589" elapsed="0.000160">0 != 18</status>
</kw>
<msg time="2026-05-06T13:44:38.055783" level="INFO">${status} = False</msg>
<var>${status}</var>
<arg>Should Be Equal As Strings</arg>
<arg>${actual}</arg>
<arg>${expected}</arg>
<doc>Runs the specified keyword and returns the status as a Boolean value.</doc>
<status status="PASS" start="2026-05-06T13:44:38.055488" elapsed="0.000304"/>
</kw>
<if>
<branch type="IF" condition="not ${status}">
<kw name="Set Variable" owner="BuiltIn">
<msg time="2026-05-06T13:44:38.055998" level="INFO">${msg} = ❌ TC-003 FAILED (3*6) → Expected: 18, Got: 0</msg>
<var>${msg}</var>
<arg>❌ ${tc} FAILED (${context}) → Expected: ${expected}, Got: ${actual}</arg>
<doc>Returns the given values which can then be assigned to a variables.</doc>
<status status="PASS" start="2026-05-06T13:44:38.055880" elapsed="0.000128"/>
</kw>
<kw name="Log" owner="BuiltIn">
<msg time="2026-05-06T13:44:38.056140" level="ERROR">❌ TC-003 FAILED (3*6) → Expected: 18, Got: 0</msg>
<arg>${msg}</arg>
<arg>ERROR</arg>
<doc>Logs the given message with the given level.</doc>
<status status="PASS" start="2026-05-06T13:44:38.056049" elapsed="0.000153"/>
</kw>
<kw name="Append To List" owner="Collections">
<arg>${FAILURES}</arg>
<arg>${msg}</arg>
<doc>Adds ``values`` to the end of ``list``.</doc>
<status status="PASS" start="2026-05-06T13:44:38.056243" elapsed="0.000078"/>
</kw>
<status status="PASS" start="2026-05-06T13:44:38.055820" elapsed="0.000516"/>
</branch>
<branch type="ELSE">
<kw name="Log" owner="BuiltIn">
<arg>✅ ${tc} PASSED</arg>
<doc>Logs the given message with the given level.</doc>
<status status="NOT RUN" start="2026-05-06T13:44:38.056385" elapsed="0.000008"/>
</kw>
<status status="NOT RUN" start="2026-05-06T13:44:38.056349" elapsed="0.000057"/>
</branch>
<status status="PASS" start="2026-05-06T13:44:38.055813" elapsed="0.000603"/>
</if>
<arg>${result}</arg>
<arg>${expected}</arg>
<arg>${tc}</arg>
<arg>${expr}</arg>
<status status="PASS" start="2026-05-06T13:44:38.055362" elapsed="0.001069"/>
</kw>
<arg>3*6</arg>
<arg>18</arg>
<arg>TC-003</arg>
<status status="PASS" start="2026-05-06T13:44:37.960401" elapsed="0.096052"/>
</kw>
<kw name="Capture Failure Screenshot" owner="keywords" type="TEARDOWN">
<kw name="Get Time" owner="BuiltIn">
<msg time="2026-05-06T13:44:38.056753" level="INFO">${timestamp} = 1778055278</msg>
<var>${timestamp}</var>
<arg>epoch</arg>
<doc>Returns the given time in the requested format.</doc>
<status status="PASS" start="2026-05-06T13:44:38.056656" elapsed="0.000107"/>
</kw>
<kw name="Capture Page Screenshot" owner="SeleniumLibrary">
<msg time="2026-05-06T13:44:38.103991" level="INFO" html="true">&lt;/td&gt;&lt;/tr&gt;&lt;tr&gt;&lt;td colspan="3"&gt;&lt;a href="reports/failure_1778055278.png"&gt;&lt;img src="reports/failure_1778055278.png" width="800px"&gt;&lt;/a&gt;</msg>
<arg>reports/failure_${timestamp}.png</arg>
<doc>Takes a screenshot of the current page and embeds it into a log file.</doc>
<status status="PASS" start="2026-05-06T13:44:38.056805" elapsed="0.047244"/>
</kw>
<status status="PASS" start="2026-05-06T13:44:38.056558" elapsed="0.047542"/>
</kw>
<tag>BasicOperations</tag>
<tag>TC-003</tag>
<status status="PASS" start="2026-05-06T13:44:37.938596" elapsed="0.165552"/>
</test>
<test id="s1-t4" name="Division Test" line="40">
<kw name="Clear Calculator" owner="keywords" type="SETUP">
<kw name="Click Element" owner="SeleniumLibrary">
<msg time="2026-05-06T13:44:38.104667" level="INFO">Clicking element 'xpath=//button[text()='C']'.</msg>
<arg>${CLEAR_BTN}</arg>
<doc>Click the element identified by ``locator``.</doc>
<status status="PASS" start="2026-05-06T13:44:38.104573" elapsed="0.019801"/>
</kw>
<status status="PASS" start="2026-05-06T13:44:38.104457" elapsed="0.019981"/>
</kw>
<kw name="Validate Expression" owner="keywords">
<kw name="Calculate Expression" owner="keywords">
<kw name="Input Expression" owner="keywords">
<kw name="Split String To Characters" owner="String">
<msg time="2026-05-06T13:44:38.125266" level="INFO">${chars} = ['8', '/', '2']</msg>
<var>${chars}</var>
<arg>${expression}</arg>
<doc>Splits the given ``string`` to characters.</doc>
<status status="PASS" start="2026-05-06T13:44:38.125163" elapsed="0.000117"/>
</kw>
<for flavor="IN">
<iter>
<kw name="Click Button" owner="keywords">
<kw name="Run Keyword If" owner="BuiltIn">
<kw name="Set Variable" owner="BuiltIn">
<arg>${value}</arg>
<doc>Returns the given values which can then be assigned to a variables.</doc>
<status status="PASS" start="2026-05-06T13:44:38.125768" elapsed="0.000097"/>
</kw>
<msg time="2026-05-06T13:44:38.125900" level="INFO">${value} = 8</msg>
<var>${value}</var>
<arg>'${value}' == '*'</arg>
<arg>Set Variable</arg>
<arg>×</arg>
<arg>ELSE IF</arg>
<arg>'${value}' == '/'</arg>
<arg>Set Variable</arg>
<arg>÷</arg>
<arg>ELSE IF</arg>
<arg>'${value}' == '-'</arg>
<arg>Set Variable</arg>
<arg>−</arg>
<arg>ELSE</arg>
<arg>Set Variable</arg>
<arg>${value}</arg>
<doc>Runs the given keyword with the given arguments, if ``condition`` is true.</doc>
<status status="PASS" start="2026-05-06T13:44:38.125532" elapsed="0.000379"/>
</kw>
<kw name="Set Variable" owner="BuiltIn">
<msg time="2026-05-06T13:44:38.126068" level="INFO">${locator} = xpath=//button[normalize-space(.)='8']</msg>
<var>${locator}</var>
<arg>xpath=//button[normalize-space(.)='${value}']</arg>
<doc>Returns the given values which can then be assigned to a variables.</doc>
<status status="PASS" start="2026-05-06T13:44:38.125964" elapsed="0.000117"/>
</kw>
<kw name="Click Element" owner="SeleniumLibrary">
<msg time="2026-05-06T13:44:38.126570" level="INFO">Clicking element 'xpath=//button[normalize-space(.)='8']'.</msg>
<arg>${locator}</arg>
<doc>Click the element identified by ``locator``.</doc>
<status status="PASS" start="2026-05-06T13:44:38.126475" elapsed="0.025084"/>
</kw>
<arg>${char}</arg>
<status status="PASS" start="2026-05-06T13:44:38.125434" elapsed="0.026195"/>
</kw>
<var name="${char}">8</var>
<status status="PASS" start="2026-05-06T13:44:38.125385" elapsed="0.026267"/>
</iter>
<iter>
<kw name="Click Button" owner="keywords">
<kw name="Run Keyword If" owner="BuiltIn">
<kw name="Set Variable" owner="BuiltIn">
<arg>÷</arg>
<doc>Returns the given values which can then be assigned to a variables.</doc>
<status status="PASS" start="2026-05-06T13:44:38.152216" elapsed="0.000081"/>
</kw>
<msg time="2026-05-06T13:44:38.152334" level="INFO">${value} = ÷</msg>
<var>${value}</var>
<arg>'${value}' == '*'</arg>
<arg>Set Variable</arg>
<arg>×</arg>
<arg>ELSE IF</arg>
<arg>'${value}' == '/'</arg>
<arg>Set Variable</arg>
<arg>÷</arg>
<arg>ELSE IF</arg>
<arg>'${value}' == '-'</arg>
<arg>Set Variable</arg>
<arg>−</arg>
<arg>ELSE</arg>
<arg>Set Variable</arg>
<arg>${value}</arg>
<doc>Runs the given keyword with the given arguments, if ``condition`` is true.</doc>
<status status="PASS" start="2026-05-06T13:44:38.151985" elapsed="0.000360"/>
</kw>
<kw name="Set Variable" owner="BuiltIn">
<msg time="2026-05-06T13:44:38.152497" level="INFO">${locator} = xpath=//button[normalize-space(.)='÷']</msg>
<var>${locator}</var>
<arg>xpath=//button[normalize-space(.)='${value}']</arg>
<doc>Returns the given values which can then be assigned to a variables.</doc>
<status status="PASS" start="2026-05-06T13:44:38.152398" elapsed="0.000109"/>
</kw>
<kw name="Click Element" owner="SeleniumLibrary">
<msg time="2026-05-06T13:44:38.152625" level="INFO">Clicking element 'xpath=//button[normalize-space(.)='÷']'.</msg>
<arg>${locator}</arg>
<doc>Click the element identified by ``locator``.</doc>
<status status="PASS" start="2026-05-06T13:44:38.152552" elapsed="0.022531"/>
</kw>
<arg>${char}</arg>
<status status="PASS" start="2026-05-06T13:44:38.151830" elapsed="0.023324"/>
</kw>
<var name="${char}">/</var>
<status status="PASS" start="2026-05-06T13:44:38.151731" elapsed="0.023444"/>
</iter>
<iter>
<kw name="Click Button" owner="keywords">
<kw name="Run Keyword If" owner="BuiltIn">
<kw name="Set Variable" owner="BuiltIn">
<arg>${value}</arg>
<doc>Returns the given values which can then be assigned to a variables.</doc>
<status status="PASS" start="2026-05-06T13:44:38.175666" elapsed="0.000088"/>
</kw>
<msg time="2026-05-06T13:44:38.175788" level="INFO">${value} = 2</msg>
<var>${value}</var>
<arg>'${value}' == '*'</arg>
<arg>Set Variable</arg>
<arg>×</arg>
<arg>ELSE IF</arg>
<arg>'${value}' == '/'</arg>
<arg>Set Variable</arg>
<arg>÷</arg>
<arg>ELSE IF</arg>
<arg>'${value}' == '-'</arg>
<arg>Set Variable</arg>
<arg>−</arg>
<arg>ELSE</arg>
<arg>Set Variable</arg>
<arg>${value}</arg>
<doc>Runs the given keyword with the given arguments, if ``condition`` is true.</doc>
<status status="PASS" start="2026-05-06T13:44:38.175438" elapsed="0.000361"/>
</kw>
<kw name="Set Variable" owner="BuiltIn">
<msg time="2026-05-06T13:44:38.175947" level="INFO">${locator} = xpath=//button[normalize-space(.)='2']</msg>
<var>${locator}</var>
<arg>xpath=//button[normalize-space(.)='${value}']</arg>
<doc>Returns the given values which can then be assigned to a variables.</doc>
<status status="PASS" start="2026-05-06T13:44:38.175851" elapsed="0.000106"/>
</kw>
<kw name="Click Element" owner="SeleniumLibrary">
<msg time="2026-05-06T13:44:38.176073" level="INFO">Clicking element 'xpath=//button[normalize-space(.)='2']'.</msg>
<arg>${locator}</arg>
<doc>Click the element identified by ``locator``.</doc>
<status status="PASS" start="2026-05-06T13:44:38.176001" elapsed="0.021956"/>
</kw>
<arg>${char}</arg>
<status status="PASS" start="2026-05-06T13:44:38.175309" elapsed="0.022692"/>
</kw>
<var name="${char}">2</var>
<status status="PASS" start="2026-05-06T13:44:38.175234" elapsed="0.022783"/>
</iter>
<var>${char}</var>
<value>@{chars}</value>
<status status="PASS" start="2026-05-06T13:44:38.125318" elapsed="0.072721"/>
</for>
<arg>${expression}</arg>
<status status="PASS" start="2026-05-06T13:44:38.124927" elapsed="0.073145"/>
</kw>
<kw name="Click Button" owner="keywords">
<kw name="Run Keyword If" owner="BuiltIn">
<kw name="Set Variable" owner="BuiltIn">
<arg>${value}</arg>
<doc>Returns the given values which can then be assigned to a variables.</doc>
<status status="PASS" start="2026-05-06T13:44:38.198487" elapsed="0.000086"/>
</kw>
<msg time="2026-05-06T13:44:38.198606" level="INFO">${value} = =</msg>
<var>${value}</var>
<arg>'${value}' == '*'</arg>
<arg>Set Variable</arg>
<arg>×</arg>
<arg>ELSE IF</arg>
<arg>'${value}' == '/'</arg>
<arg>Set Variable</arg>
<arg>÷</arg>
<arg>ELSE IF</arg>
<arg>'${value}' == '-'</arg>
<arg>Set Variable</arg>
<arg>−</arg>
<arg>ELSE</arg>
<arg>Set Variable</arg>
<arg>${value}</arg>
<doc>Runs the given keyword with the given arguments, if ``condition`` is true.</doc>
<status status="PASS" start="2026-05-06T13:44:38.198270" elapsed="0.000346"/>
</kw>
<kw name="Set Variable" owner="BuiltIn">
<msg time="2026-05-06T13:44:38.198764" level="INFO">${locator} = xpath=//button[normalize-space(.)='=']</msg>
<var>${locator}</var>
<arg>xpath=//button[normalize-space(.)='${value}']</arg>
<doc>Returns the given values which can then be assigned to a variables.</doc>
<status status="PASS" start="2026-05-06T13:44:38.198667" elapsed="0.000108"/>
</kw>
<kw name="Click Element" owner="SeleniumLibrary">
<msg time="2026-05-06T13:44:38.198889" level="INFO">Clicking element 'xpath=//button[normalize-space(.)='=']'.</msg>
<arg>${locator}</arg>
<doc>Click the element identified by ``locator``.</doc>
<status status="PASS" start="2026-05-06T13:44:38.198819" elapsed="0.018974"/>
</kw>
<arg>=</arg>
<status status="PASS" start="2026-05-06T13:44:38.198149" elapsed="0.019683"/>
</kw>
<kw name="Get Result" owner="keywords">
<kw name="Run Keyword And Ignore Error" owner="BuiltIn">
<kw name="Get Value" owner="SeleniumLibrary">
<arg>${DISPLAY}</arg>
<doc>Returns the value attribute of the element identified by ``locator``.</doc>
<status status="PASS" start="2026-05-06T13:44:38.218146" elapsed="0.004432"/>
</kw>
<msg time="2026-05-06T13:44:38.222627" level="INFO">${status} = PASS</msg>
<msg time="2026-05-06T13:44:38.222644" level="INFO">${value} = 0.25</msg>
<var>${status}</var>
<var>${value}</var>
<arg>Get Value</arg>
<arg>${DISPLAY}</arg>
<doc>Runs the given keyword with the given arguments and ignores possible error.</doc>
<status status="PASS" start="2026-05-06T13:44:38.218031" elapsed="0.004622"/>
</kw>
<if>
<branch type="IF" condition="'${status}' == 'PASS'">
<kw name="Set Variable" owner="BuiltIn">
<msg time="2026-05-06T13:44:38.222873" level="INFO">${result} = 0.25</msg>
<var>${result}</var>
<arg>${value}</arg>
<doc>Returns the given values which can then be assigned to a variables.</doc>
<status status="PASS" start="2026-05-06T13:44:38.222771" elapsed="0.000111"/>
</kw>
<status status="PASS" start="2026-05-06T13:44:38.222693" elapsed="0.000206"/>
</branch>
<branch type="ELSE">
<kw name="Get Text" owner="SeleniumLibrary">
<var>${result}</var>
<arg>${DISPLAY}</arg>
<doc>Returns the text value of the element identified by ``locator``.</doc>
<status status="NOT RUN" start="2026-05-06T13:44:38.222952" elapsed="0.000010"/>
</kw>
<status status="NOT RUN" start="2026-05-06T13:44:38.222913" elapsed="0.000064"/>
</branch>
<status status="PASS" start="2026-05-06T13:44:38.222681" elapsed="0.000307"/>
</if>
<kw name="Strip String" owner="String">
<msg time="2026-05-06T13:44:38.223090" level="INFO">${result} = 0.25</msg>
<var>${result}</var>
<arg>${result}</arg>
<doc>Remove leading and/or trailing whitespaces from the given string.</doc>
<status status="PASS" start="2026-05-06T13:44:38.223019" elapsed="0.000081"/>
</kw>
<return>
<value>${result}</value>
<status status="PASS" start="2026-05-06T13:44:38.223221" elapsed="0.000021"/>
</return>
<msg time="2026-05-06T13:44:38.223285" level="INFO">${result} = 0.25</msg>
<var>${result}</var>
<status status="PASS" start="2026-05-06T13:44:38.217931" elapsed="0.005362"/>
</kw>
<return>
<value>${result}</value>
<status status="PASS" start="2026-05-06T13:44:38.223310" elapsed="0.000013"/>
</return>
<msg time="2026-05-06T13:44:38.223361" level="INFO">${result} = 0.25</msg>
<var>${result}</var>
<arg>${expr}</arg>
<status status="PASS" start="2026-05-06T13:44:38.124806" elapsed="0.098563"/>
</kw>
<kw name="Validate Result" owner="keywords">
<kw name="Run Keyword And Return Status" owner="BuiltIn">
<kw name="Should Be Equal As Strings" owner="BuiltIn">
<msg time="2026-05-06T13:44:38.223904" level="FAIL">0.25 != 4</msg>
<arg>${actual}</arg>
<arg>${expected}</arg>
<doc>Fails if objects are unequal after converting them to strings.</doc>
<status status="FAIL" start="2026-05-06T13:44:38.223679" elapsed="0.000258">0.25 != 4</status>
</kw>
<msg time="2026-05-06T13:44:38.223980" level="INFO">${status} = False</msg>
<var>${status}</var>
<arg>Should Be Equal As Strings</arg>
<arg>${actual}</arg>
<arg>${expected}</arg>
<doc>Runs the specified keyword and returns the status as a Boolean value.</doc>
<status status="PASS" start="2026-05-06T13:44:38.223579" elapsed="0.000410"/>
</kw>
<if>
<branch type="IF" condition="not ${status}">
<kw name="Set Variable" owner="BuiltIn">
<msg time="2026-05-06T13:44:38.224193" level="INFO">${msg} = ❌ TC-004 FAILED (8/2) → Expected: 4, Got: 0.25</msg>
<var>${msg}</var>
<arg>❌ ${tc} FAILED (${context}) → Expected: ${expected}, Got: ${actual}</arg>
<doc>Returns the given values which can then be assigned to a variables.</doc>
<status status="PASS" start="2026-05-06T13:44:38.224081" elapsed="0.000122"/>
</kw>
<kw name="Log" owner="BuiltIn">
<msg time="2026-05-06T13:44:38.224335" level="ERROR">❌ TC-004 FAILED (8/2) → Expected: 4, Got: 0.25</msg>
<arg>${msg}</arg>
<arg>ERROR</arg>
<doc>Logs the given message with the given level.</doc>
<status status="PASS" start="2026-05-06T13:44:38.224244" elapsed="0.000157"/>
</kw>
<kw name="Append To List" owner="Collections">
<arg>${FAILURES}</arg>
<arg>${msg}</arg>
<doc>Adds ``values`` to the end of ``list``.</doc>
<status status="PASS" start="2026-05-06T13:44:38.224441" elapsed="0.000079"/>
</kw>
<status status="PASS" start="2026-05-06T13:44:38.224020" elapsed="0.000517"/>
</branch>
<branch type="ELSE">
<kw name="Log" owner="BuiltIn">
<arg>✅ ${tc} PASSED</arg>
<doc>Logs the given message with the given level.</doc>
<status status="NOT RUN" start="2026-05-06T13:44:38.224588" elapsed="0.000009"/>
</kw>
<status status="NOT RUN" start="2026-05-06T13:44:38.224551" elapsed="0.000060"/>
</branch>
<status status="PASS" start="2026-05-06T13:44:38.224012" elapsed="0.000609"/>
</if>
<arg>${result}</arg>
<arg>${expected}</arg>
<arg>${tc}</arg>
<arg>${expr}</arg>
<status status="PASS" start="2026-05-06T13:44:38.223440" elapsed="0.001199"/>
</kw>
<arg>8/2</arg>
<arg>4</arg>
<arg>TC-004</arg>
<status status="PASS" start="2026-05-06T13:44:38.124620" elapsed="0.100040"/>
</kw>
<kw name="Capture Failure Screenshot" owner="keywords" type="TEARDOWN">
<kw name="Get Time" owner="BuiltIn">
<msg time="2026-05-06T13:44:38.224971" level="INFO">${timestamp} = 1778055278</msg>
<var>${timestamp}</var>
<arg>epoch</arg>
<doc>Returns the given time in the requested format.</doc>
<status status="PASS" start="2026-05-06T13:44:38.224873" elapsed="0.000108"/>
</kw>
<kw name="Capture Page Screenshot" owner="SeleniumLibrary">
<msg time="2026-05-06T13:44:38.270747" level="INFO" html="true">&lt;/td&gt;&lt;/tr&gt;&lt;tr&gt;&lt;td colspan="3"&gt;&lt;a href="reports/failure_1778055278.png"&gt;&lt;img src="reports/failure_1778055278.png" width="800px"&gt;&lt;/a&gt;</msg>
<arg>reports/failure_${timestamp}.png</arg>
<doc>Takes a screenshot of the current page and embeds it into a log file.</doc>
<status status="PASS" start="2026-05-06T13:44:38.225025" elapsed="0.045778"/>
</kw>
<status status="PASS" start="2026-05-06T13:44:38.224786" elapsed="0.046067"/>
</kw>
<tag>BasicOperations</tag>
<tag>TC-004</tag>
<status status="PASS" start="2026-05-06T13:44:38.104278" elapsed="0.166624"/>
</test>
<test id="s1-t5" name="Digit Buttons" line="49">
<kw name="Clear Calculator" owner="keywords" type="SETUP">
<kw name="Click Element" owner="SeleniumLibrary">
<msg time="2026-05-06T13:44:38.271412" level="INFO">Clicking element 'xpath=//button[text()='C']'.</msg>
<arg>${CLEAR_BTN}</arg>
<doc>Click the element identified by ``locator``.</doc>
<status status="PASS" start="2026-05-06T13:44:38.271320" elapsed="0.020134"/>
</kw>
<status status="PASS" start="2026-05-06T13:44:38.271206" elapsed="0.020314"/>
</kw>
<kw name="Validate Digit Button Mapping" owner="keywords">
<for flavor="IN RANGE">
<iter>
<kw name="Clear Calculator" owner="keywords">
<kw name="Click Element" owner="SeleniumLibrary">
<msg time="2026-05-06T13:44:38.292213" level="INFO">Clicking element 'xpath=//button[text()='C']'.</msg>
<arg>${CLEAR_BTN}</arg>
<doc>Click the element identified by ``locator``.</doc>
<status status="PASS" start="2026-05-06T13:44:38.292127" elapsed="0.019239"/>
</kw>
<status status="PASS" start="2026-05-06T13:44:38.292038" elapsed="0.019387"/>
</kw>
<kw name="Click Button" owner="keywords">
<kw name="Run Keyword If" owner="BuiltIn">
<kw name="Set Variable" owner="BuiltIn">
<arg>${value}</arg>
<doc>Returns the given values which can then be assigned to a variables.</doc>
<status status="PASS" start="2026-05-06T13:44:38.311912" elapsed="0.000089"/>
</kw>
<msg time="2026-05-06T13:44:38.312038" level="INFO">${value} = 0</msg>
<var>${value}</var>
<arg>'${value}' == '*'</arg>
<arg>Set Variable</arg>
<arg>×</arg>
<arg>ELSE IF</arg>
<arg>'${value}' == '/'</arg>
<arg>Set Variable</arg>
<arg>÷</arg>
<arg>ELSE IF</arg>
<arg>'${value}' == '-'</arg>
<arg>Set Variable</arg>
<arg>−</arg>
<arg>ELSE</arg>
<arg>Set Variable</arg>
<arg>${value}</arg>
<doc>Runs the given keyword with the given arguments, if ``condition`` is true.</doc>
<status status="PASS" start="2026-05-06T13:44:38.311664" elapsed="0.000385"/>
</kw>
<kw name="Set Variable" owner="BuiltIn">
<msg time="2026-05-06T13:44:38.312200" level="INFO">${locator} = xpath=//button[normalize-space(.)='0']</msg>
<var>${locator}</var>
<arg>xpath=//button[normalize-space(.)='${value}']</arg>
<doc>Returns the given values which can then be assigned to a variables.</doc>
<status status="PASS" start="2026-05-06T13:44:38.312100" elapsed="0.000110"/>
</kw>
<kw name="Click Element" owner="SeleniumLibrary">
<msg time="2026-05-06T13:44:38.312323" level="INFO">Clicking element 'xpath=//button[normalize-space(.)='0']'.</msg>
<arg>${locator}</arg>
<doc>Click the element identified by ``locator``.</doc>
<status status="PASS" start="2026-05-06T13:44:38.312253" elapsed="0.022197"/>
</kw>
<arg>${digit}</arg>
<status status="PASS" start="2026-05-06T13:44:38.311508" elapsed="0.022989"/>
</kw>
<kw name="Get Result" owner="keywords">
<kw name="Run Keyword And Ignore Error" owner="BuiltIn">
<kw name="Get Value" owner="SeleniumLibrary">
<arg>${DISPLAY}</arg>
<doc>Returns the value attribute of the element identified by ``locator``.</doc>
<status status="PASS" start="2026-05-06T13:44:38.334845" elapsed="0.004622"/>
</kw>
<msg time="2026-05-06T13:44:38.339522" level="INFO">${status} = PASS</msg>
<msg time="2026-05-06T13:44:38.339540" level="INFO">${value} = 0</msg>
<var>${status}</var>
<var>${value}</var>
<arg>Get Value</arg>
<arg>${DISPLAY}</arg>
<doc>Runs the given keyword with the given arguments and ignores possible error.</doc>
<status status="PASS" start="2026-05-06T13:44:38.334716" elapsed="0.004833"/>
</kw>
<if>
<branch type="IF" condition="'${status}' == 'PASS'">
<kw name="Set Variable" owner="BuiltIn">
<msg time="2026-05-06T13:44:38.339782" level="INFO">${result} = 0</msg>
<var>${result}</var>
<arg>${value}</arg>
<doc>Returns the given values which can then be assigned to a variables.</doc>
<status status="PASS" start="2026-05-06T13:44:38.339674" elapsed="0.000118"/>
</kw>
<status status="PASS" start="2026-05-06T13:44:38.339588" elapsed="0.000322"/>
</branch>
<branch type="ELSE">
<kw name="Get Text" owner="SeleniumLibrary">
<var>${result}</var>
<arg>${DISPLAY}</arg>
<doc>Returns the text value of the element identified by ``locator``.</doc>
<status status="NOT RUN" start="2026-05-06T13:44:38.339970" elapsed="0.000010"/>
</kw>
<status status="NOT RUN" start="2026-05-06T13:44:38.339928" elapsed="0.000067"/>
</branch>
<status status="PASS" start="2026-05-06T13:44:38.339577" elapsed="0.000428"/>
</if>
<kw name="Strip String" owner="String">
<msg time="2026-05-06T13:44:38.340105" level="INFO">${result} = 0</msg>
<var>${result}</var>
<arg>${result}</arg>
<doc>Remove leading and/or trailing whitespaces from the given string.</doc>
<status status="PASS" start="2026-05-06T13:44:38.340037" elapsed="0.000078"/>
</kw>
<return>
<value>${result}</value>
<status status="PASS" start="2026-05-06T13:44:38.340134" elapsed="0.000020"/>
</return>
<msg time="2026-05-06T13:44:38.340198" level="INFO">${result} = 0</msg>
<var>${result}</var>
<status status="PASS" start="2026-05-06T13:44:38.334604" elapsed="0.005602"/>
</kw>
<kw name="Convert To String" owner="BuiltIn">
<msg time="2026-05-06T13:44:38.340468" level="INFO">${digit_str} = 0</msg>
<var>${digit_str}</var>
<arg>${digit}</arg>
<doc>Converts the given item to a Unicode string.</doc>
<status status="PASS" start="2026-05-06T13:44:38.340247" elapsed="0.000231"/>
</kw>
<kw name="Run Keyword And Return Status" owner="BuiltIn">
<kw name="Should Be Equal As Strings" owner="BuiltIn">
<arg>${result}</arg>
<arg>${digit_str}</arg>
<doc>Fails if objects are unequal after converting them to strings.</doc>
<status status="PASS" start="2026-05-06T13:44:38.340622" elapsed="0.000103"/>
</kw>
<msg time="2026-05-06T13:44:38.340756" level="INFO">${status} = True</msg>
<var>${status}</var>
<arg>Should Be Equal As Strings</arg>
<arg>${result}</arg>
<arg>${digit_str}</arg>
<doc>Runs the specified keyword and returns the status as a Boolean value.</doc>
<status status="PASS" start="2026-05-06T13:44:38.340526" elapsed="0.000239"/>
</kw>
<if>
<branch type="IF" condition="not ${status}">
<kw name="Set Variable" owner="BuiltIn">
<var>${msg}</var>
<arg>❌ TC-005 Digit ${digit} failed → Got ${result}</arg>
<doc>Returns the given values which can then be assigned to a variables.</doc>
<status status="NOT RUN" start="2026-05-06T13:44:38.340857" elapsed="0.000009"/>
</kw>
<kw name="Log" owner="BuiltIn">
<arg>${msg}</arg>
<arg>ERROR</arg>
<doc>Logs the given message with the given level.</doc>
<status status="NOT RUN" start="2026-05-06T13:44:38.340903" elapsed="0.000009"/>
</kw>
<kw name="Append To List" owner="Collections">
<arg>${FAILURES}</arg>
<arg>${msg}</arg>
<doc>Adds ``values`` to the end of ``list``.</doc>
<status status="NOT RUN" start="2026-05-06T13:44:38.340944" elapsed="0.000009"/>
</kw>
<status status="NOT RUN" start="2026-05-06T13:44:38.340795" elapsed="0.000172"/>
</branch>
<status status="PASS" start="2026-05-06T13:44:38.340788" elapsed="0.000191"/>
</if>
<var name="${digit}">0</var>
<status status="PASS" start="2026-05-06T13:44:38.291991" elapsed="0.048996"/>
</iter>
<iter>
<kw name="Clear Calculator" owner="keywords">
<kw name="Click Element" owner="SeleniumLibrary">
<msg time="2026-05-06T13:44:38.341242" level="INFO">Clicking element 'xpath=//button[text()='C']'.</msg>
<arg>${CLEAR_BTN}</arg>
<doc>Click the element identified by ``locator``.</doc>
<status status="PASS" start="2026-05-06T13:44:38.341169" elapsed="0.018828"/>
</kw>
<status status="PASS" start="2026-05-06T13:44:38.341092" elapsed="0.018945"/>
</kw>
<kw name="Click Button" owner="keywords">
<kw name="Run Keyword If" owner="BuiltIn">
<kw name="Set Variable" owner="BuiltIn">
<arg>${value}</arg>
<doc>Returns the given values which can then be assigned to a variables.</doc>
<status status="PASS" start="2026-05-06T13:44:38.360429" elapsed="0.000084"/>
</kw>
<msg time="2026-05-06T13:44:38.360545" level="INFO">${value} = 1</msg>
<var>${value}</var>
<arg>'${value}' == '*'</arg>
<arg>Set Variable</arg>
<arg>×</arg>
<arg>ELSE IF</arg>
<arg>'${value}' == '/'</arg>
<arg>Set Variable</arg>
<arg>÷</arg>
<arg>ELSE IF</arg>
<arg>'${value}' == '-'</arg>
<arg>Set Variable</arg>
<arg>−</arg>
<arg>ELSE</arg>
<arg>Set Variable</arg>
<arg>${value}</arg>
<doc>Runs the given keyword with the given arguments, if ``condition`` is true.</doc>
<status status="PASS" start="2026-05-06T13:44:38.360222" elapsed="0.000334"/>
</kw>
<kw name="Set Variable" owner="BuiltIn">
<msg time="2026-05-06T13:44:38.360707" level="INFO">${locator} = xpath=//button[normalize-space(.)='1']</msg>
<var>${locator}</var>
<arg>xpath=//button[normalize-space(.)='${value}']</arg>
<doc>Returns the given values which can then be assigned to a variables.</doc>
<status status="PASS" start="2026-05-06T13:44:38.360607" elapsed="0.000110"/>
</kw>
<kw name="Click Element" owner="SeleniumLibrary">
<msg time="2026-05-06T13:44:38.360823" level="INFO">Clicking element 'xpath=//button[normalize-space(.)='1']'.</msg>
<arg>${locator}</arg>
<doc>Click the element identified by ``locator``.</doc>
<status status="PASS" start="2026-05-06T13:44:38.360760" elapsed="0.026246"/>
</kw>
<arg>${digit}</arg>
<status status="PASS" start="2026-05-06T13:44:38.360108" elapsed="0.026952"/>
</kw>
<kw name="Get Result" owner="keywords">
<kw name="Run Keyword And Ignore Error" owner="BuiltIn">
<kw name="Get Value" owner="SeleniumLibrary">
<arg>${DISPLAY}</arg>
<doc>Returns the value attribute of the element identified by ``locator``.</doc>
<status status="PASS" start="2026-05-06T13:44:38.387441" elapsed="0.004009"/>
</kw>
<msg time="2026-05-06T13:44:38.391507" level="INFO">${status} = PASS</msg>
<msg time="2026-05-06T13:44:38.391526" level="INFO">${value} = 1</msg>
<var>${status}</var>
<var>${value}</var>
<arg>Get Value</arg>
<arg>${DISPLAY}</arg>
<doc>Runs the given keyword with the given arguments and ignores possible error.</doc>
<status status="PASS" start="2026-05-06T13:44:38.387305" elapsed="0.004230"/>
</kw>
<if>
<branch type="IF" condition="'${status}' == 'PASS'">
<kw name="Set Variable" owner="BuiltIn">
<msg time="2026-05-06T13:44:38.391777" level="INFO">${result} = 1</msg>
<var>${result}</var>
<arg>${value}</arg>
<doc>Returns the given values which can then be assigned to a variables.</doc>
<status status="PASS" start="2026-05-06T13:44:38.391664" elapsed="0.000125"/>
</kw>
<status status="PASS" start="2026-05-06T13:44:38.391576" elapsed="0.000232"/>
</branch>
<branch type="ELSE">
<kw name="Get Text" owner="SeleniumLibrary">
<var>${result}</var>
<arg>${DISPLAY}</arg>
<doc>Returns the text value of the element identified by ``locator``.</doc>
<status status="NOT RUN" start="2026-05-06T13:44:38.391864" elapsed="0.000010"/>
</kw>
<status status="NOT RUN" start="2026-05-06T13:44:38.391822" elapsed="0.000066"/>
</branch>
<status status="PASS" start="2026-05-06T13:44:38.391564" elapsed="0.000334"/>
</if>
<kw name="Strip String" owner="String">
<msg time="2026-05-06T13:44:38.391995" level="INFO">${result} = 1</msg>
<var>${result}</var>
<arg>${result}</arg>
<doc>Remove leading and/or trailing whitespaces from the given string.</doc>
<status status="PASS" start="2026-05-06T13:44:38.391930" elapsed="0.000075"/>
</kw>
<return>
<value>${result}</value>
<status status="PASS" start="2026-05-06T13:44:38.392024" elapsed="0.000019"/>
</return>
<msg time="2026-05-06T13:44:38.392087" level="INFO">${result} = 1</msg>
<var>${result}</var>
<status status="PASS" start="2026-05-06T13:44:38.387180" elapsed="0.004916"/>
</kw>
<kw name="Convert To String" owner="BuiltIn">
<msg time="2026-05-06T13:44:38.392235" level="INFO">${digit_str} = 1</msg>
<var>${digit_str}</var>
<arg>${digit}</arg>
<doc>Converts the given item to a Unicode string.</doc>
<status status="PASS" start="2026-05-06T13:44:38.392134" elapsed="0.000111"/>
</kw>
<kw name="Run Keyword And Return Status" owner="BuiltIn">
<kw name="Should Be Equal As Strings" owner="BuiltIn">
<arg>${result}</arg>
<arg>${digit_str}</arg>
<doc>Fails if objects are unequal after converting them to strings.</doc>
<status status="PASS" start="2026-05-06T13:44:38.392382" elapsed="0.000100"/>
</kw>
<msg time="2026-05-06T13:44:38.392606" level="INFO">${status} = True</msg>
<var>${status}</var>
<arg>Should Be Equal As Strings</arg>
<arg>${result}</arg>
<arg>${digit_str}</arg>
<doc>Runs the specified keyword and returns the status as a Boolean value.</doc>
<status status="PASS" start="2026-05-06T13:44:38.392288" elapsed="0.000328"/>
</kw>
<if>
<branch type="IF" condition="not ${status}">
<kw name="Set Variable" owner="BuiltIn">
<var>${msg}</var>
<arg>❌ TC-005 Digit ${digit} failed → Got ${result}</arg>
<doc>Returns the given values which can then be assigned to a variables.</doc>
<status status="NOT RUN" start="2026-05-06T13:44:38.392703" elapsed="0.000009"/>
</kw>
<kw name="Log" owner="BuiltIn">
<arg>${msg}</arg>
<arg>ERROR</arg>
<doc>Logs the given message with the given level.</doc>
<status status="NOT RUN" start="2026-05-06T13:44:38.392749" elapsed="0.000009"/>
</kw>
<kw name="Append To List" owner="Collections">
<arg>${FAILURES}</arg>
<arg>${msg}</arg>
<doc>Adds ``values`` to the end of ``list``.</doc>
<status status="NOT RUN" start="2026-05-06T13:44:38.392792" elapsed="0.000008"/>
</kw>
<status status="NOT RUN" start="2026-05-06T13:44:38.392645" elapsed="0.000168"/>
</branch>
<status status="PASS" start="2026-05-06T13:44:38.392638" elapsed="0.000187"/>
</if>
<var name="${digit}">1</var>
<status status="PASS" start="2026-05-06T13:44:38.341049" elapsed="0.051784"/>
</iter>
<iter>
<kw name="Clear Calculator" owner="keywords">
<kw name="Click Element" owner="SeleniumLibrary">
<msg time="2026-05-06T13:44:38.393080" level="INFO">Clicking element 'xpath=//button[text()='C']'.</msg>
<arg>${CLEAR_BTN}</arg>
<doc>Click the element identified by ``locator``.</doc>
<status status="PASS" start="2026-05-06T13:44:38.393016" elapsed="0.018545"/>
</kw>
<status status="PASS" start="2026-05-06T13:44:38.392937" elapsed="0.018669"/>
</kw>
<kw name="Click Button" owner="keywords">
<kw name="Run Keyword If" owner="BuiltIn">
<kw name="Set Variable" owner="BuiltIn">
<arg>${value}</arg>
<doc>Returns the given values which can then be assigned to a variables.</doc>
<status status="PASS" start="2026-05-06T13:44:38.412039" elapsed="0.000085"/>
</kw>
<msg time="2026-05-06T13:44:38.412160" level="INFO">${value} = 2</msg>
<var>${value}</var>
<arg>'${value}' == '*'</arg>
<arg>Set Variable</arg>
<arg>×</arg>
<arg>ELSE IF</arg>
<arg>'${value}' == '/'</arg>
<arg>Set Variable</arg>
<arg>÷</arg>
<arg>ELSE IF</arg>
<arg>'${value}' == '-'</arg>
<arg>Set Variable</arg>
<arg>−</arg>
<arg>ELSE</arg>
<arg>Set Variable</arg>
<arg>${value}</arg>
<doc>Runs the given keyword with the given arguments, if ``condition`` is true.</doc>
<status status="PASS" start="2026-05-06T13:44:38.411817" elapsed="0.000353"/>
</kw>
<kw name="Set Variable" owner="BuiltIn">
<msg time="2026-05-06T13:44:38.412319" level="INFO">${locator} = xpath=//button[normalize-space(.)='2']</msg>
<var>${locator}</var>
<arg>xpath=//button[normalize-space(.)='${value}']</arg>
<doc>Returns the given values which can then be assigned to a variables.</doc>
<status status="PASS" start="2026-05-06T13:44:38.412222" elapsed="0.000107"/>
</kw>
<kw name="Click Element" owner="SeleniumLibrary">
<msg time="2026-05-06T13:44:38.412436" level="INFO">Clicking element 'xpath=//button[normalize-space(.)='2']'.</msg>
<arg>${locator}</arg>
<doc>Click the element identified by ``locator``.</doc>
<status status="PASS" start="2026-05-06T13:44:38.412372" elapsed="0.018150"/>
</kw>
<arg>${digit}</arg>
<status status="PASS" start="2026-05-06T13:44:38.411690" elapsed="0.018882"/>
</kw>
<kw name="Get Result" owner="keywords">
<kw name="Run Keyword And Ignore Error" owner="BuiltIn">
<kw name="Get Value" owner="SeleniumLibrary">
<arg>${DISPLAY}</arg>
<doc>Returns the value attribute of the element identified by ``locator``.</doc>
<status status="PASS" start="2026-05-06T13:44:38.431001" elapsed="0.003962"/>
</kw>
<msg time="2026-05-06T13:44:38.435019" level="INFO">${status} = PASS</msg>
<msg time="2026-05-06T13:44:38.435037" level="INFO">${value} = 2</msg>
<var>${status}</var>
<var>${value}</var>
<arg>Get Value</arg>
<arg>${DISPLAY}</arg>
<doc>Runs the given keyword with the given arguments and ignores possible error.</doc>
<status status="PASS" start="2026-05-06T13:44:38.430781" elapsed="0.004266"/>
</kw>
<if>
<branch type="IF" condition="'${status}' == 'PASS'">
<kw name="Set Variable" owner="BuiltIn">
<msg time="2026-05-06T13:44:38.435280" level="INFO">${result} = 2</msg>
<var>${result}</var>
<arg>${value}</arg>
<doc>Returns the given values which can then be assigned to a variables.</doc>
<status status="PASS" start="2026-05-06T13:44:38.435176" elapsed="0.000114"/>
</kw>
<status status="PASS" start="2026-05-06T13:44:38.435091" elapsed="0.000216"/>
</branch>
<branch type="ELSE">
<kw name="Get Text" owner="SeleniumLibrary">
<var>${result}</var>
<arg>${DISPLAY}</arg>
<doc>Returns the text value of the element identified by ``locator``.</doc>
<status status="NOT RUN" start="2026-05-06T13:44:38.435361" elapsed="0.000009"/>
</kw>
<status status="NOT RUN" start="2026-05-06T13:44:38.435321" elapsed="0.000063"/>
</branch>
<status status="PASS" start="2026-05-06T13:44:38.435080" elapsed="0.000315"/>
</if>
<kw name="Strip String" owner="String">
<msg time="2026-05-06T13:44:38.435490" level="INFO">${result} = 2</msg>
<var>${result}</var>
<arg>${result}</arg>
<doc>Remove leading and/or trailing whitespaces from the given string.</doc>
<status status="PASS" start="2026-05-06T13:44:38.435426" elapsed="0.000074"/>
</kw>
<return>
<value>${result}</value>
<status status="PASS" start="2026-05-06T13:44:38.435518" elapsed="0.000018"/>
</return>
<msg time="2026-05-06T13:44:38.435579" level="INFO">${result} = 2</msg>
<var>${result}</var>
<status status="PASS" start="2026-05-06T13:44:38.430677" elapsed="0.004911"/>
</kw>
<kw name="Convert To String" owner="BuiltIn">
<msg time="2026-05-06T13:44:38.435725" level="INFO">${digit_str} = 2</msg>
<var>${digit_str}</var>
<arg>${digit}</arg>
<doc>Converts the given item to a Unicode string.</doc>
<status status="PASS" start="2026-05-06T13:44:38.435625" elapsed="0.000110"/>
</kw>
<kw name="Run Keyword And Return Status" owner="BuiltIn">
[...]
</kw>
<var name="${char}">0</var>
<status status="PASS" start="2026-05-06T13:44:40.474176" elapsed="0.019651"/>
</iter>
<iter>
<kw name="Click Button" owner="keywords">
<kw name="Run Keyword If" owner="BuiltIn">
<kw name="Set Variable" owner="BuiltIn">
<arg>${value}</arg>
<doc>Returns the given values which can then be assigned to a variables.</doc>
<status status="PASS" start="2026-05-06T13:44:40.494383" elapsed="0.000090"/>
</kw>
<msg time="2026-05-06T13:44:40.494508" level="INFO">${value} = .</msg>
<var>${value}</var>
<arg>'${value}' == '*'</arg>
<arg>Set Variable</arg>
<arg>×</arg>
<arg>ELSE IF</arg>
<arg>'${value}' == '/'</arg>
<arg>Set Variable</arg>
<arg>÷</arg>
<arg>ELSE IF</arg>
<arg>'${value}' == '-'</arg>
<arg>Set Variable</arg>
<arg>−</arg>
<arg>ELSE</arg>
<arg>Set Variable</arg>
<arg>${value}</arg>
<doc>Runs the given keyword with the given arguments, if ``condition`` is true.</doc>
<status status="PASS" start="2026-05-06T13:44:40.494066" elapsed="0.000453"/>
</kw>
<kw name="Set Variable" owner="BuiltIn">
<msg time="2026-05-06T13:44:40.494670" level="INFO">${locator} = xpath=//button[normalize-space(.)='.']</msg>
<var>${locator}</var>
<arg>xpath=//button[normalize-space(.)='${value}']</arg>
<doc>Returns the given values which can then be assigned to a variables.</doc>
<status status="PASS" start="2026-05-06T13:44:40.494571" elapsed="0.000110"/>
</kw>
<kw name="Click Element" owner="SeleniumLibrary">
<msg time="2026-05-06T13:44:40.494801" level="INFO">Clicking element 'xpath=//button[normalize-space(.)='.']'.</msg>
<arg>${locator}</arg>
<doc>Click the element identified by ``locator``.</doc>
<status status="PASS" start="2026-05-06T13:44:40.494724" elapsed="0.019324"/>
</kw>
<arg>${char}</arg>
<status status="PASS" start="2026-05-06T13:44:40.493948" elapsed="0.020150"/>
</kw>
<var name="${char}">.</var>
<status status="PASS" start="2026-05-06T13:44:40.493883" elapsed="0.020232"/>
</iter>
<iter>
<kw name="Click Button" owner="keywords">
<kw name="Run Keyword If" owner="BuiltIn">
<kw name="Set Variable" owner="BuiltIn">
<arg>${value}</arg>
<doc>Returns the given values which can then be assigned to a variables.</doc>
<status status="PASS" start="2026-05-06T13:44:40.514584" elapsed="0.000086"/>
</kw>
<msg time="2026-05-06T13:44:40.514705" level="INFO">${value} = 2</msg>
<var>${value}</var>
<arg>'${value}' == '*'</arg>
<arg>Set Variable</arg>
<arg>×</arg>
<arg>ELSE IF</arg>
<arg>'${value}' == '/'</arg>
<arg>Set Variable</arg>
<arg>÷</arg>
<arg>ELSE IF</arg>
<arg>'${value}' == '-'</arg>
<arg>Set Variable</arg>
<arg>−</arg>
<arg>ELSE</arg>
<arg>Set Variable</arg>
<arg>${value}</arg>
<doc>Runs the given keyword with the given arguments, if ``condition`` is true.</doc>
<status status="PASS" start="2026-05-06T13:44:40.514362" elapsed="0.000493"/>
</kw>
<kw name="Set Variable" owner="BuiltIn">
<msg time="2026-05-06T13:44:40.515011" level="INFO">${locator} = xpath=//button[normalize-space(.)='2']</msg>
<var>${locator}</var>
<arg>xpath=//button[normalize-space(.)='${value}']</arg>
<doc>Returns the given values which can then be assigned to a variables.</doc>
<status status="PASS" start="2026-05-06T13:44:40.514911" elapsed="0.000111"/>
</kw>
<kw name="Click Element" owner="SeleniumLibrary">
<msg time="2026-05-06T13:44:40.515133" level="INFO">Clicking element 'xpath=//button[normalize-space(.)='2']'.</msg>
<arg>${locator}</arg>
<doc>Click the element identified by ``locator``.</doc>
<status status="PASS" start="2026-05-06T13:44:40.515066" elapsed="0.019148"/>
</kw>
<arg>${char}</arg>
<status status="PASS" start="2026-05-06T13:44:40.514239" elapsed="0.020027"/>
</kw>
<var name="${char}">2</var>
<status status="PASS" start="2026-05-06T13:44:40.514170" elapsed="0.020115"/>
</iter>
<var>${char}</var>
<value>@{chars}</value>
<status status="PASS" start="2026-05-06T13:44:40.390268" elapsed="0.144040"/>
</for>
<arg>${expression}</arg>
<status status="PASS" start="2026-05-06T13:44:40.389872" elapsed="0.144467"/>
</kw>
<kw name="Click Button" owner="keywords">
<kw name="Run Keyword If" owner="BuiltIn">
<kw name="Set Variable" owner="BuiltIn">
<arg>${value}</arg>
<doc>Returns the given values which can then be assigned to a variables.</doc>
<status status="PASS" start="2026-05-06T13:44:40.534791" elapsed="0.000106"/>
</kw>
<msg time="2026-05-06T13:44:40.534941" level="INFO">${value} = =</msg>
<var>${value}</var>
<arg>'${value}' == '*'</arg>
<arg>Set Variable</arg>
<arg>×</arg>
<arg>ELSE IF</arg>
<arg>'${value}' == '/'</arg>
<arg>Set Variable</arg>
<arg>÷</arg>
<arg>ELSE IF</arg>
<arg>'${value}' == '-'</arg>
<arg>Set Variable</arg>
<arg>−</arg>
<arg>ELSE</arg>
<arg>Set Variable</arg>
<arg>${value}</arg>
<doc>Runs the given keyword with the given arguments, if ``condition`` is true.</doc>
<status status="PASS" start="2026-05-06T13:44:40.534543" elapsed="0.000413"/>
</kw>
<kw name="Set Variable" owner="BuiltIn">
<msg time="2026-05-06T13:44:40.535108" level="INFO">${locator} = xpath=//button[normalize-space(.)='=']</msg>
<var>${locator}</var>
<arg>xpath=//button[normalize-space(.)='${value}']</arg>
<doc>Returns the given values which can then be assigned to a variables.</doc>
<status status="PASS" start="2026-05-06T13:44:40.535013" elapsed="0.000106"/>
</kw>
<kw name="Click Element" owner="SeleniumLibrary">
<msg time="2026-05-06T13:44:40.535230" level="INFO">Clicking element 'xpath=//button[normalize-space(.)='=']'.</msg>
<arg>${locator}</arg>
<doc>Click the element identified by ``locator``.</doc>
<status status="PASS" start="2026-05-06T13:44:40.535162" elapsed="0.018744"/>
</kw>
<arg>=</arg>
<status status="PASS" start="2026-05-06T13:44:40.534417" elapsed="0.019530"/>
</kw>
<kw name="Get Result" owner="keywords">
<kw name="Run Keyword And Ignore Error" owner="BuiltIn">
<kw name="Get Value" owner="SeleniumLibrary">
<arg>${DISPLAY}</arg>
<doc>Returns the value attribute of the element identified by ``locator``.</doc>
<status status="PASS" start="2026-05-06T13:44:40.554294" elapsed="0.004435"/>
</kw>
<msg time="2026-05-06T13:44:40.558776" level="INFO">${status} = PASS</msg>
<msg time="2026-05-06T13:44:40.558793" level="INFO">${value} = 0.30000000000000004</msg>
<var>${status}</var>
<var>${value}</var>
<arg>Get Value</arg>
<arg>${DISPLAY}</arg>
<doc>Runs the given keyword with the given arguments and ignores possible error.</doc>
<status status="PASS" start="2026-05-06T13:44:40.554174" elapsed="0.004629"/>
</kw>
<if>
<branch type="IF" condition="'${status}' == 'PASS'">
<kw name="Set Variable" owner="BuiltIn">
<msg time="2026-05-06T13:44:40.559037" level="INFO">${result} = 0.30000000000000004</msg>
<var>${result}</var>
<arg>${value}</arg>
<doc>Returns the given values which can then be assigned to a variables.</doc>
<status status="PASS" start="2026-05-06T13:44:40.558923" elapsed="0.000127"/>
</kw>
<status status="PASS" start="2026-05-06T13:44:40.558842" elapsed="0.000228"/>
</branch>
<branch type="ELSE">
<kw name="Get Text" owner="SeleniumLibrary">
<var>${result}</var>
<arg>${DISPLAY}</arg>
<doc>Returns the text value of the element identified by ``locator``.</doc>
<status status="NOT RUN" start="2026-05-06T13:44:40.559129" elapsed="0.000011"/>
</kw>
<status status="NOT RUN" start="2026-05-06T13:44:40.559086" elapsed="0.000072"/>
</branch>
<status status="PASS" start="2026-05-06T13:44:40.558830" elapsed="0.000343"/>
</if>
<kw name="Strip String" owner="String">
<msg time="2026-05-06T13:44:40.559293" level="INFO">${result} = 0.30000000000000004</msg>
<var>${result}</var>
<arg>${result}</arg>
<doc>Remove leading and/or trailing whitespaces from the given string.</doc>
<status status="PASS" start="2026-05-06T13:44:40.559209" elapsed="0.000099"/>
</kw>
<return>
<value>${result}</value>
<status status="PASS" start="2026-05-06T13:44:40.559336" elapsed="0.000023"/>
</return>
<msg time="2026-05-06T13:44:40.559402" level="INFO">${result} = 0.30000000000000004</msg>
<var>${result}</var>
<status status="PASS" start="2026-05-06T13:44:40.554068" elapsed="0.005342"/>
</kw>
<return>
<value>${result}</value>
<status status="PASS" start="2026-05-06T13:44:40.559426" elapsed="0.000011"/>
</return>
<msg time="2026-05-06T13:44:40.559474" level="INFO">${result} = 0.30000000000000004</msg>
<var>${result}</var>
<arg>0.1+0.2</arg>
<status status="PASS" start="2026-05-06T13:44:40.389722" elapsed="0.169760"/>
</kw>
<kw name="Run Keyword And Continue On Failure" owner="BuiltIn">
<kw name="Should Be Equal As Numbers" owner="BuiltIn">
<arg>${result}</arg>
<arg>0.3</arg>
<arg>0.01</arg>
<doc>Fails if objects are unequal after converting them to real numbers.</doc>
<status status="PASS" start="2026-05-06T13:44:40.559690" elapsed="0.000109"/>
</kw>
<arg>Should Be Equal As Numbers</arg>
<arg>${result}</arg>
<arg>0.3</arg>
<arg>0.01</arg>
<doc>Runs the keyword and continues execution even if a failure occurs.</doc>
<status status="PASS" start="2026-05-06T13:44:40.559567" elapsed="0.000254"/>
</kw>
<kw name="Capture Failure Screenshot" owner="keywords" type="TEARDOWN">
<kw name="Get Time" owner="BuiltIn">
<msg time="2026-05-06T13:44:40.560115" level="INFO">${timestamp} = 1778055280</msg>
<var>${timestamp}</var>
<arg>epoch</arg>
<doc>Returns the given time in the requested format.</doc>
<status status="PASS" start="2026-05-06T13:44:40.560017" elapsed="0.000108"/>
</kw>
<kw name="Capture Page Screenshot" owner="SeleniumLibrary">
<msg time="2026-05-06T13:44:40.605444" level="INFO" html="true">&lt;/td&gt;&lt;/tr&gt;&lt;tr&gt;&lt;td colspan="3"&gt;&lt;a href="reports/failure_1778055280.png"&gt;&lt;img src="reports/failure_1778055280.png" width="800px"&gt;&lt;/a&gt;</msg>
<arg>reports/failure_${timestamp}.png</arg>
<doc>Takes a screenshot of the current page and embeds it into a log file.</doc>
<status status="PASS" start="2026-05-06T13:44:40.560169" elapsed="0.045334"/>
</kw>
<status status="PASS" start="2026-05-06T13:44:40.559926" elapsed="0.045630"/>
</kw>
<tag>EdgeCases</tag>
<tag>TC-015</tag>
<status status="PASS" start="2026-05-06T13:44:40.370749" elapsed="0.234857"/>
</test>
<test id="s1-t16" name="End Of Validation Summary" line="120">
<kw name="Clear Calculator" owner="keywords" type="SETUP">
<kw name="Click Element" owner="SeleniumLibrary">
<msg time="2026-05-06T13:44:40.606104" level="INFO">Clicking element 'xpath=//button[text()='C']'.</msg>
<arg>${CLEAR_BTN}</arg>
<doc>Click the element identified by ``locator``.</doc>
<status status="PASS" start="2026-05-06T13:44:40.606014" elapsed="0.018579"/>
</kw>
<status status="PASS" start="2026-05-06T13:44:40.605905" elapsed="0.018811"/>
</kw>
<kw name="Report Failures At End" owner="keywords">
<kw name="Log" owner="BuiltIn">
<msg time="2026-05-06T13:44:40.625285" level="INFO">===== FINAL SUMMARY =====</msg>
<arg>===== FINAL SUMMARY =====</arg>
<doc>Logs the given message with the given level.</doc>
<status status="PASS" start="2026-05-06T13:44:40.625168" elapsed="0.000138"/>
</kw>
<kw name="Get Length" owner="BuiltIn">
<msg time="2026-05-06T13:44:40.625610" level="INFO">Length is 7.</msg>
<msg time="2026-05-06T13:44:40.625643" level="INFO">${count} = 7</msg>
<var>${count}</var>
<arg>${FAILURES}</arg>
<doc>Returns and logs the length of the given item as an integer.</doc>
<status status="PASS" start="2026-05-06T13:44:40.625349" elapsed="0.000303"/>
</kw>
<if>
<branch type="IF" condition="${count} &gt; 0">
<for flavor="IN">
<iter>
<kw name="Log" owner="BuiltIn">
<msg time="2026-05-06T13:44:40.625952" level="ERROR">❌ TC-001 FAILED (7+3) → Expected: 10, Got: 7</msg>
<arg>${f}</arg>
<arg>ERROR</arg>
<doc>Logs the given message with the given level.</doc>
<status status="PASS" start="2026-05-06T13:44:40.625849" elapsed="0.000159"/>
</kw>
<var name="${f}">❌ TC-001 FAILED (7+3) → Expected: 10, Got: 7</var>
<status status="PASS" start="2026-05-06T13:44:40.625809" elapsed="0.000222"/>
</iter>
<iter>
<kw name="Log" owner="BuiltIn">
<msg time="2026-05-06T13:44:40.626215" level="ERROR">❌ TC-002 FAILED (7-3) → Expected: 4, Got: 0</msg>
<arg>${f}</arg>
<arg>ERROR</arg>
<doc>Logs the given message with the given level.</doc>
<status status="PASS" start="2026-05-06T13:44:40.626125" elapsed="0.000141"/>
</kw>
<var name="${f}">❌ TC-002 FAILED (7-3) → Expected: 4, Got: 0</var>
<status status="PASS" start="2026-05-06T13:44:40.626074" elapsed="0.000217"/>
</iter>
<iter>
<kw name="Log" owner="BuiltIn">
<msg time="2026-05-06T13:44:40.626457" level="ERROR">❌ TC-003 FAILED (3*6) → Expected: 18, Got: 0</msg>
<arg>${f}</arg>
<arg>ERROR</arg>
<doc>Logs the given message with the given level.</doc>
<status status="PASS" start="2026-05-06T13:44:40.626370" elapsed="0.000130"/>
</kw>
<var name="${f}">❌ TC-003 FAILED (3*6) → Expected: 18, Got: 0</var>
<status status="PASS" start="2026-05-06T13:44:40.626334" elapsed="0.000187"/>
</iter>
<iter>
<kw name="Log" owner="BuiltIn">
<msg time="2026-05-06T13:44:40.626691" level="ERROR">❌ TC-004 FAILED (8/2) → Expected: 4, Got: 0.25</msg>
<arg>${f}</arg>
<arg>ERROR</arg>
<doc>Logs the given message with the given level.</doc>
<status status="PASS" start="2026-05-06T13:44:40.626605" elapsed="0.000128"/>
</kw>
<var name="${f}">❌ TC-004 FAILED (8/2) → Expected: 4, Got: 0.25</var>
<status status="PASS" start="2026-05-06T13:44:40.626561" elapsed="0.000195"/>
</iter>
<iter>
<kw name="Log" owner="BuiltIn">
<msg time="2026-05-06T13:44:40.626925" level="ERROR">❌ TC-005 Digit 3 failed → Got 0</msg>
<arg>${f}</arg>
<arg>ERROR</arg>
<doc>Logs the given message with the given level.</doc>
<status status="PASS" start="2026-05-06T13:44:40.626834" elapsed="0.000132"/>
</kw>
<var name="${f}">❌ TC-005 Digit 3 failed → Got 0</var>
<status status="PASS" start="2026-05-06T13:44:40.626795" elapsed="0.000191"/>
</iter>
<iter>
<kw name="Log" owner="BuiltIn">
<msg time="2026-05-06T13:44:40.627151" level="ERROR">❌ TC-006 FAILED (Clear Button) → Expected: 0, Got: </msg>
<arg>${f}</arg>
<arg>ERROR</arg>
<doc>Logs the given message with the given level.</doc>
<status status="PASS" start="2026-05-06T13:44:40.627064" elapsed="0.000128"/>
</kw>
<var name="${f}">❌ TC-006 FAILED (Clear Button) → Expected: 0, Got: </var>
<status status="PASS" start="2026-05-06T13:44:40.627026" elapsed="0.000188"/>
</iter>
<iter>
<kw name="Log" owner="BuiltIn">
<msg time="2026-05-06T13:44:40.627371" level="ERROR">❌ TC-010 FAILED (sin) → Expected: 0, Got: 1</msg>
<arg>${f}</arg>
<arg>ERROR</arg>
<doc>Logs the given message with the given level.</doc>
<status status="PASS" start="2026-05-06T13:44:40.627287" elapsed="0.000125"/>
</kw>
<var name="${f}">❌ TC-010 FAILED (sin) → Expected: 0, Got: 1</var>
<status status="PASS" start="2026-05-06T13:44:40.627251" elapsed="0.000184"/>
</iter>
<var>${f}</var>
<value>@{FAILURES}</value>
<status status="PASS" start="2026-05-06T13:44:40.625756" elapsed="0.001699"/>
</for>
<kw name="Fail" owner="BuiltIn">
<msg time="2026-05-06T13:44:40.627619" level="FAIL">❌ Suite failed with 7 issues</msg>
<arg>❌ Suite failed with ${count} issues</arg>
<doc>Fails the test with the given message and optionally alters its tags.</doc>
<status status="FAIL" start="2026-05-06T13:44:40.627508" elapsed="0.000139">❌ Suite failed with 7 issues</status>
</kw>
<status status="FAIL" start="2026-05-06T13:44:40.625693" elapsed="0.001982">❌ Suite failed with 7 issues</status>
</branch>
<branch type="ELSE">
<kw name="Log" owner="BuiltIn">
<arg>✅ All tests passed</arg>
<doc>Logs the given message with the given level.</doc>
<status status="NOT RUN" start="2026-05-06T13:44:40.627728" elapsed="0.000009"/>
</kw>
<status status="NOT RUN" start="2026-05-06T13:44:40.627692" elapsed="0.000058"/>
</branch>
<status status="FAIL" start="2026-05-06T13:44:40.625679" elapsed="0.002083">❌ Suite failed with 7 issues</status>
</if>
<status status="FAIL" start="2026-05-06T13:44:40.625042" elapsed="0.002754">❌ Suite failed with 7 issues</status>
</kw>
<kw name="Capture Failure Screenshot" owner="keywords" type="TEARDOWN">
<kw name="Get Time" owner="BuiltIn">
<msg time="2026-05-06T13:44:40.628101" level="INFO">${timestamp} = 1778055280</msg>
<var>${timestamp}</var>
<arg>epoch</arg>
<doc>Returns the given time in the requested format.</doc>
<status status="PASS" start="2026-05-06T13:44:40.627997" elapsed="0.000115"/>
</kw>
<kw name="Capture Page Screenshot" owner="SeleniumLibrary">
<msg time="2026-05-06T13:44:40.670616" level="INFO" html="true">&lt;/td&gt;&lt;/tr&gt;&lt;tr&gt;&lt;td colspan="3"&gt;&lt;a href="reports/failure_1778055280.png"&gt;&lt;img src="reports/failure_1778055280.png" width="800px"&gt;&lt;/a&gt;</msg>
<arg>reports/failure_${timestamp}.png</arg>
<doc>Takes a screenshot of the current page and embeds it into a log file.</doc>
<status status="PASS" start="2026-05-06T13:44:40.628157" elapsed="0.042515"/>
</kw>
<status status="PASS" start="2026-05-06T13:44:40.627908" elapsed="0.042813"/>
</kw>
<status status="FAIL" start="2026-05-06T13:44:40.605734" elapsed="0.065036">❌ Suite failed with 7 issues</status>
</test>
<kw name="Close Calculator" owner="keywords" type="TEARDOWN">
<kw name="Close Browser" owner="SeleniumLibrary">
<doc>Closes the current browser.</doc>
<status status="PASS" start="2026-05-06T13:44:40.671199" elapsed="0.075852"/>
</kw>
<status status="PASS" start="2026-05-06T13:44:40.671097" elapsed="0.076023"/>
</kw>
<doc>Unified UI Test Suite for Scientific Calculator</doc>
<status status="FAIL" start="2026-05-06T13:44:35.700345" elapsed="5.046796"/>
</suite>
<statistics>
<total>
<stat pass="13" fail="3" skip="0">All Tests</stat>
</total>
<tag>
<stat pass="4" fail="0" skip="0">BasicOperations</stat>
<stat pass="1" fail="2" skip="0">EdgeCases</stat>
<stat pass="5" fail="0" skip="0">ScientificFunctions</stat>
<stat pass="1" fail="0" skip="0">TC-001</stat>
<stat pass="1" fail="0" skip="0">TC-002</stat>
<stat pass="1" fail="0" skip="0">TC-003</stat>
<stat pass="1" fail="0" skip="0">TC-004</stat>
<stat pass="1" fail="0" skip="0">TC-005</stat>
<stat pass="1" fail="0" skip="0">TC-006</stat>
<stat pass="1" fail="0" skip="0">TC-007</stat>
<stat pass="1" fail="0" skip="0">TC-008</stat>
<stat pass="1" fail="0" skip="0">TC-009</stat>
<stat pass="1" fail="0" skip="0">TC-010</stat>
<stat pass="1" fail="0" skip="0">TC-011</stat>
<stat pass="1" fail="0" skip="0">TC-012</stat>
<stat pass="0" fail="1" skip="0">TC-013</stat>
<stat pass="0" fail="1" skip="0">TC-014</stat>
<stat pass="1" fail="0" skip="0">TC-015</stat>
<stat pass="3" fail="0" skip="0">UIValidation</stat>
</tag>
<suite>
<stat name="ScienticUiCalculator" id="s1" pass="13" fail="3" skip="0">ScienticUiCalculator</stat>
</suite>
</statistics>
<errors>
<msg time="2026-05-06T13:44:37.664689" level="ERROR">❌ TC-001 FAILED (7+3) → Expected: 10, Got: 7</msg>
<msg time="2026-05-06T13:44:37.865022" level="ERROR">❌ TC-002 FAILED (7-3) → Expected: 4, Got: 0</msg>
<msg time="2026-05-06T13:44:38.056140" level="ERROR">❌ TC-003 FAILED (3*6) → Expected: 18, Got: 0</msg>
<msg time="2026-05-06T13:44:38.224335" level="ERROR">❌ TC-004 FAILED (8/2) → Expected: 4, Got: 0.25</msg>
<msg time="2026-05-06T13:44:38.478558" level="ERROR">❌ TC-005 Digit 3 failed → Got 0</msg>
<msg time="2026-05-06T13:44:38.965973" level="ERROR">❌ TC-006 FAILED (Clear Button) → Expected: 0, Got: </msg>
<msg time="2026-05-06T13:44:39.716173" level="ERROR">❌ TC-010 FAILED (sin) → Expected: 0, Got: 1</msg>
<msg time="2026-05-06T13:44:40.625952" level="ERROR">❌ TC-001 FAILED (7+3) → Expected: 10, Got: 7</msg>
<msg time="2026-05-06T13:44:40.626215" level="ERROR">❌ TC-002 FAILED (7-3) → Expected: 4, Got: 0</msg>
<msg time="2026-05-06T13:44:40.626457" level="ERROR">❌ TC-003 FAILED (3*6) → Expected: 18, Got: 0</msg>
<msg time="2026-05-06T13:44:40.626691" level="ERROR">❌ TC-004 FAILED (8/2) → Expected: 4, Got: 0.25</msg>
<msg time="2026-05-06T13:44:40.626925" level="ERROR">❌ TC-005 Digit 3 failed → Got 0</msg>
<msg time="2026-05-06T13:44:40.627151" level="ERROR">❌ TC-006 FAILED (Clear Button) → Expected: 0, Got: </msg>
<msg time="2026-05-06T13:44:40.627371" level="ERROR">❌ TC-010 FAILED (sin) → Expected: 0, Got: 1</msg>
</errors>
</robot>
